This file contains any messages produced by compilers while
running configure, to aid debugging if configure makes a mistake.

It was created by cgminer configure 2.10.4, which was
generated by GNU Autoconf 2.71.  Invocation command line was

  $ ./configure --disable-adl --enable-cpumining --enable-scrypt

## --------- ##
## Platform. ##
## --------- ##

hostname = localhost
uname -m = aarch64
uname -r = 4.19.157-perf-g949c2ea2232f
uname -s = Linux
uname -v = #1 SMP PREEMPT Fri May 13 18:58:23 CST 2022

/usr/bin/uname -p = unknown
/bin/uname -X     = unknown

/bin/arch              = unknown
/usr/bin/arch -k       = unknown
/usr/convex/getsysinfo = unknown
/usr/bin/hostinfo      = unknown
/bin/machine           = unknown
/usr/bin/oslevel       = unknown
/bin/universe          = unknown

PATH: /data/data/com.termux/files/usr/bin/


## ----------- ##
## Core tests. ##
## ----------- ##

configure:2985: looking for aux files: compile missing install-sh config.guess config.sub
configure:2998:  trying ./
configure:3027:   ./compile found
configure:3027:   ./missing found
configure:3009:   ./install-sh found
configure:3027:   ./config.guess found
configure:3027:   ./config.sub found
configure:3147: checking build system type
configure:3162: result: aarch64-unknown-linux-gnu
configure:3182: checking host system type
configure:3196: result: aarch64-unknown-linux-gnu
configure:3216: checking target system type
configure:3230: result: aarch64-unknown-linux-gnu
configure:3279: checking for a BSD-compatible install
configure:3352: result: /data/data/com.termux/files/usr/bin/install -c
configure:3363: checking whether build environment is sane
configure:3418: result: yes
configure:3577: checking for a race-free mkdir -p
configure:3621: result: /data/data/com.termux/files/usr/bin/mkdir -p
configure:3629: checking for gawk
configure:3650: found /data/data/com.termux/files/usr/bin/gawk
configure:3661: result: gawk
configure:3672: checking whether make sets $(MAKE)
configure:3695: result: yes
configure:3725: checking whether make supports nested variables
configure:3743: result: yes
configure:3891: checking whether make supports nested variables
configure:3909: result: yes
configure:3933: checking whether make supports the include directive
configure:3948: make -f confmf.GNU && cat confinc.out
this is the am__doit target
configure:3951: $? = 0
configure:3970: result: yes (GNU style)
configure:4046: checking for gcc
configure:4067: found /data/data/com.termux/files/usr/bin/gcc
configure:4078: result: gcc
configure:4431: checking for C compiler version
configure:4440: gcc --version >&5
gcc (GCC) 11.1.0
Copyright (C) 2021 Free Software Foundation, Inc.
This is free software; see the source for copying conditions.  There is NO
warranty; not even for MERCHANTABILITY or FITNESS FOR A PARTICULAR PURPOSE.

configure:4451: $? = 0
configure:4440: gcc -v >&5
Reading specs from /data/data/com.termux/files/usr/lib/gcc/aarch64-linux-android/11.1.0/specs
COLLECT_GCC=gcc
COLLECT_LTO_WRAPPER=/data/data/com.termux/files/usr/libexec/gcc/aarch64-linux-android/11.1.0/lto-wrapper
Target: aarch64-linux-android
Configured with: /home/builder/.termux-build/gcc-11/src/configure --disable-dependency-tracking --prefix=/data/data/com.termux/files/usr --libdir=/data/data/com.termux/files/usr/lib --sbindir=/data/data/com.termux/files/usr/bin --disable-rpath --disable-rpath-hack --host=aarch64-linux-android --enable-languages=c,c++,fortran,jit,objc,ada --with-system-zlib --disable-multilib --target=aarch64-linux-android --with-libgfortran --enable-static --with-gmp=/data/data/com.termux/files/usr --with-mpfr=/data/data/com.termux/files/usr --with-mpc=/data/data/com.termux/files/usr --with-isl-include=/data/data/com.termux/files/usr/include --with-isl-lib=/data/data/com.termux/files/usr/lib --disable-isl-version-check --disable-libssp --with-stage1-ldflags=-specs=/home/builder/.termux-build/gcc-11/tmp/specs --disable-tls --enable-lto --enable-gold=yes --enable-libatomic --program-suffix=-11 --enable-libbacktrace --enable-host-shared --enable-host-libquadmath --enable-libatomic-ifuncs=no --enable-default-pie ac_cv_c_bigendian=no --with-libatomic --disable-libstdcxx --enable-version-specific-runtime-libs --enable-eh-frame-hdr-for-static --disable-libmpx -with-gxx-include-dir=/data/data/com.termux/files/usr/include/c++/v1 --with-arch=armv8-a --enable-fix-cortex-a53-835769 --enable-fix-cortex-a53-843419 --enable-libssp --disable-nls --enable-shared --enable-static --libexecdir=/data/data/com.termux/files/usr/libexec
Thread model: posix
Supported LTO compression algorithms: zlib zstd
gcc version 11.1.0 (GCC) 
configure:4451: $? = 0
configure:4440: gcc -V >&5
gcc: error: unrecognized command-line option '-V'
gcc: fatal error: no input files
compilation terminated.
configure:4451: $? = 1
configure:4440: gcc -qversion >&5
gcc: error: unrecognized command-line option '-qversion'; did you mean '--version'?
gcc: fatal error: no input files
compilation terminated.
configure:4451: $? = 1
configure:4440: gcc -version >&5
gcc: error: unrecognized command-line option '-version'
gcc: fatal error: no input files
compilation terminated.
configure:4451: $? = 1
configure:4471: checking whether the C compiler works
configure:4493: gcc -O3 -Wall -march=armv8-a+crypto -mtune=cortex-a77  -L/data/data/com.termux/files/usr/lib conftest.c  >&5
configure:4497: $? = 0
configure:4547: result: yes
configure:4550: checking for C compiler default output file name
configure:4552: result: a.out
configure:4558: checking for suffix of executables
configure:4565: gcc -o conftest -O3 -Wall -march=armv8-a+crypto -mtune=cortex-a77  -L/data/data/com.termux/files/usr/lib conftest.c  >&5
configure:4569: $? = 0
configure:4592: result: 
configure:4614: checking whether we are cross compiling
configure:4622: gcc -o conftest -O3 -Wall -march=armv8-a+crypto -mtune=cortex-a77  -L/data/data/com.termux/files/usr/lib conftest.c  >&5
configure:4626: $? = 0
configure:4633: ./conftest
configure:4637: $? = 0
configure:4652: result: no
configure:4657: checking for suffix of object files
configure:4680: gcc -c -O3 -Wall -march=armv8-a+crypto -mtune=cortex-a77  conftest.c >&5
configure:4684: $? = 0
configure:4706: result: o
configure:4710: checking whether the compiler supports GNU C
configure:4730: gcc -c -O3 -Wall -march=armv8-a+crypto -mtune=cortex-a77  conftest.c >&5
configure:4730: $? = 0
configure:4740: result: yes
configure:4751: checking whether gcc accepts -g
configure:4772: gcc -c -g  conftest.c >&5
configure:4772: $? = 0
configure:4816: result: yes
configure:4836: checking for gcc option to enable C11 features
configure:4851: gcc  -c -O3 -Wall -march=armv8-a+crypto -mtune=cortex-a77  conftest.c >&5
configure:4851: $? = 0
configure:4869: result: none needed
configure:4985: checking whether gcc understands -c and -o together
configure:5008: gcc -c conftest.c -o conftest2.o
configure:5011: $? = 0
configure:5008: gcc -c conftest.c -o conftest2.o
configure:5011: $? = 0
configure:5023: result: yes
configure:5042: checking dependency style of gcc
configure:5154: result: gcc3
configure:5174: checking for stdio.h
configure:5174: gcc -c -O3 -Wall -march=armv8-a+crypto -mtune=cortex-a77  conftest.c >&5
configure:5174: $? = 0
configure:5174: result: yes
configure:5174: checking for stdlib.h
configure:5174: gcc -c -O3 -Wall -march=armv8-a+crypto -mtune=cortex-a77  conftest.c >&5
configure:5174: $? = 0
configure:5174: result: yes
configure:5174: checking for string.h
configure:5174: gcc -c -O3 -Wall -march=armv8-a+crypto -mtune=cortex-a77  conftest.c >&5
configure:5174: $? = 0
configure:5174: result: yes
configure:5174: checking for inttypes.h
configure:5174: gcc -c -O3 -Wall -march=armv8-a+crypto -mtune=cortex-a77  conftest.c >&5
configure:5174: $? = 0
configure:5174: result: yes
configure:5174: checking for stdint.h
configure:5174: gcc -c -O3 -Wall -march=armv8-a+crypto -mtune=cortex-a77  conftest.c >&5
configure:5174: $? = 0
configure:5174: result: yes
configure:5174: checking for strings.h
configure:5174: gcc -c -O3 -Wall -march=armv8-a+crypto -mtune=cortex-a77  conftest.c >&5
configure:5174: $? = 0
configure:5174: result: yes
configure:5174: checking for sys/stat.h
configure:5174: gcc -c -O3 -Wall -march=armv8-a+crypto -mtune=cortex-a77  conftest.c >&5
configure:5174: $? = 0
configure:5174: result: yes
configure:5174: checking for sys/types.h
configure:5174: gcc -c -O3 -Wall -march=armv8-a+crypto -mtune=cortex-a77  conftest.c >&5
configure:5174: $? = 0
configure:5174: result: yes
configure:5174: checking for unistd.h
configure:5174: gcc -c -O3 -Wall -march=armv8-a+crypto -mtune=cortex-a77  conftest.c >&5
configure:5174: $? = 0
configure:5174: result: yes
configure:5202: checking for minix/config.h
configure:5202: gcc -c -O3 -Wall -march=armv8-a+crypto -mtune=cortex-a77  conftest.c >&5
conftest.c:49:10: fatal error: minix/config.h: No such file or directory
   49 | #include <minix/config.h>
      |          ^~~~~~~~~~~~~~~~
compilation terminated.
configure:5202: $? = 1
configure: failed program was:
| /* confdefs.h */
| #define PACKAGE_NAME "cgminer"
| #define PACKAGE_TARNAME "cgminer"
| #define PACKAGE_VERSION "2.10.4"
| #define PACKAGE_STRING "cgminer 2.10.4"
| #define PACKAGE_BUGREPORT "kernel@kolivas.org"
| #define PACKAGE_URL ""
| #define PACKAGE "cgminer"
| #define VERSION "2.10.4"
| #define HAVE_STDIO_H 1
| #define HAVE_STDLIB_H 1
| #define HAVE_STRING_H 1
| #define HAVE_INTTYPES_H 1
| #define HAVE_STDINT_H 1
| #define HAVE_STRINGS_H 1
| #define HAVE_SYS_STAT_H 1
| #define HAVE_SYS_TYPES_H 1
| #define HAVE_UNISTD_H 1
| #define STDC_HEADERS 1
| /* end confdefs.h.  */
| #include <stddef.h>
| #ifdef HAVE_STDIO_H
| # include <stdio.h>
| #endif
| #ifdef HAVE_STDLIB_H
| # include <stdlib.h>
| #endif
| #ifdef HAVE_STRING_H
| # include <string.h>
| #endif
| #ifdef HAVE_INTTYPES_H
| # include <inttypes.h>
| #endif
| #ifdef HAVE_STDINT_H
| # include <stdint.h>
| #endif
| #ifdef HAVE_STRINGS_H
| # include <strings.h>
| #endif
| #ifdef HAVE_SYS_TYPES_H
| # include <sys/types.h>
| #endif
| #ifdef HAVE_SYS_STAT_H
| # include <sys/stat.h>
| #endif
| #ifdef HAVE_UNISTD_H
| # include <unistd.h>
| #endif
| #include <minix/config.h>
configure:5202: result: no
configure:5231: checking whether it is safe to define __EXTENSIONS__
configure:5250: gcc -c -O3 -Wall -march=armv8-a+crypto -mtune=cortex-a77  conftest.c >&5
configure:5250: $? = 0
configure:5258: result: yes
configure:5299: checking whether to enable maintainer-specific portions of Makefiles
configure:5309: result: no
configure:5376: checking for gcc
configure:5408: result: gcc
configure:5761: checking for C compiler version
configure:5770: gcc --version >&5
gcc (GCC) 11.1.0
Copyright (C) 2021 Free Software Foundation, Inc.
This is free software; see the source for copying conditions.  There is NO
warranty; not even for MERCHANTABILITY or FITNESS FOR A PARTICULAR PURPOSE.

configure:5781: $? = 0
configure:5770: gcc -v >&5
Reading specs from /data/data/com.termux/files/usr/lib/gcc/aarch64-linux-android/11.1.0/specs
COLLECT_GCC=gcc
COLLECT_LTO_WRAPPER=/data/data/com.termux/files/usr/libexec/gcc/aarch64-linux-android/11.1.0/lto-wrapper
Target: aarch64-linux-android
Configured with: /home/builder/.termux-build/gcc-11/src/configure --disable-dependency-tracking --prefix=/data/data/com.termux/files/usr --libdir=/data/data/com.termux/files/usr/lib --sbindir=/data/data/com.termux/files/usr/bin --disable-rpath --disable-rpath-hack --host=aarch64-linux-android --enable-languages=c,c++,fortran,jit,objc,ada --with-system-zlib --disable-multilib --target=aarch64-linux-android --with-libgfortran --enable-static --with-gmp=/data/data/com.termux/files/usr --with-mpfr=/data/data/com.termux/files/usr --with-mpc=/data/data/com.termux/files/usr --with-isl-include=/data/data/com.termux/files/usr/include --with-isl-lib=/data/data/com.termux/files/usr/lib --disable-isl-version-check --disable-libssp --with-stage1-ldflags=-specs=/home/builder/.termux-build/gcc-11/tmp/specs --disable-tls --enable-lto --enable-gold=yes --enable-libatomic --program-suffix=-11 --enable-libbacktrace --enable-host-shared --enable-host-libquadmath --enable-libatomic-ifuncs=no --enable-default-pie ac_cv_c_bigendian=no --with-libatomic --disable-libstdcxx --enable-version-specific-runtime-libs --enable-eh-frame-hdr-for-static --disable-libmpx -with-gxx-include-dir=/data/data/com.termux/files/usr/include/c++/v1 --with-arch=armv8-a --enable-fix-cortex-a53-835769 --enable-fix-cortex-a53-843419 --enable-libssp --disable-nls --enable-shared --enable-static --libexecdir=/data/data/com.termux/files/usr/libexec
Thread model: posix
Supported LTO compression algorithms: zlib zstd
gcc version 11.1.0 (GCC) 
configure:5781: $? = 0
configure:5770: gcc -V >&5
gcc: error: unrecognized command-line option '-V'
gcc: fatal error: no input files
compilation terminated.
configure:5781: $? = 1
configure:5770: gcc -qversion >&5
gcc: error: unrecognized command-line option '-qversion'; did you mean '--version'?
gcc: fatal error: no input files
compilation terminated.
configure:5781: $? = 1
configure:5770: gcc -version >&5
gcc: error: unrecognized command-line option '-version'
gcc: fatal error: no input files
compilation terminated.
configure:5781: $? = 1
configure:5785: checking whether the compiler supports GNU C
configure:5815: result: yes
configure:5826: checking whether gcc accepts -g
configure:5891: result: yes
configure:5911: checking for gcc option to enable C11 features
configure:5944: result: none needed
configure:6060: checking whether gcc understands -c and -o together
configure:6098: result: yes
configure:6117: checking dependency style of gcc
configure:6229: result: gcc3
configure:6292: checking for ranlib
configure:6313: found /data/data/com.termux/files/usr/bin/ranlib
configure:6324: result: ranlib
configure:6376: checking how to run the C preprocessor
configure:6402: gcc -E  conftest.c
configure:6402: $? = 0
configure:6417: gcc -E  conftest.c
conftest.c:29:10: fatal error: ac_nonexistent.h: No such file or directory
   29 | #include <ac_nonexistent.h>
      |          ^~~~~~~~~~~~~~~~~~
compilation terminated.
configure:6417: $? = 1
configure: failed program was:
| /* confdefs.h */
| #define PACKAGE_NAME "cgminer"
| #define PACKAGE_TARNAME "cgminer"
| #define PACKAGE_VERSION "2.10.4"
| #define PACKAGE_STRING "cgminer 2.10.4"
| #define PACKAGE_BUGREPORT "kernel@kolivas.org"
| #define PACKAGE_URL ""
| #define PACKAGE "cgminer"
| #define VERSION "2.10.4"
| #define HAVE_STDIO_H 1
| #define HAVE_STDLIB_H 1
| #define HAVE_STRING_H 1
| #define HAVE_INTTYPES_H 1
| #define HAVE_STDINT_H 1
| #define HAVE_STRINGS_H 1
| #define HAVE_SYS_STAT_H 1
| #define HAVE_SYS_TYPES_H 1
| #define HAVE_UNISTD_H 1
| #define STDC_HEADERS 1
| #define __EXTENSIONS__ 1
| #define _ALL_SOURCE 1
| #define _GNU_SOURCE 1
| #define _POSIX_PTHREAD_SEMANTICS 1
| #define _TANDEM_SOURCE 1
| #define CGMINER_MAJOR_VERSION 2
| #define CGMINER_MINOR_VERSION 10
| #define CGMINER_MINOR_SUBVERSION 4
| /* end confdefs.h.  */
| #include <ac_nonexistent.h>
configure:6444: result: gcc -E
configure:6458: gcc -E  conftest.c
configure:6458: $? = 0
configure:6473: gcc -E  conftest.c
conftest.c:29:10: fatal error: ac_nonexistent.h: No such file or directory
   29 | #include <ac_nonexistent.h>
      |          ^~~~~~~~~~~~~~~~~~
compilation terminated.
configure:6473: $? = 1
configure: failed program was:
| /* confdefs.h */
| #define PACKAGE_NAME "cgminer"
| #define PACKAGE_TARNAME "cgminer"
| #define PACKAGE_VERSION "2.10.4"
| #define PACKAGE_STRING "cgminer 2.10.4"
| #define PACKAGE_BUGREPORT "kernel@kolivas.org"
| #define PACKAGE_URL ""
| #define PACKAGE "cgminer"
| #define VERSION "2.10.4"
| #define HAVE_STDIO_H 1
| #define HAVE_STDLIB_H 1
| #define HAVE_STRING_H 1
| #define HAVE_INTTYPES_H 1
| #define HAVE_STDINT_H 1
| #define HAVE_STRINGS_H 1
| #define HAVE_SYS_STAT_H 1
| #define HAVE_SYS_TYPES_H 1
| #define HAVE_UNISTD_H 1
| #define STDC_HEADERS 1
| #define __EXTENSIONS__ 1
| #define _ALL_SOURCE 1
| #define _GNU_SOURCE 1
| #define _POSIX_PTHREAD_SEMANTICS 1
| #define _TANDEM_SOURCE 1
| #define CGMINER_MAJOR_VERSION 2
| #define CGMINER_MINOR_VERSION 10
| #define CGMINER_MINOR_SUBVERSION 4
| /* end confdefs.h.  */
| #include <ac_nonexistent.h>
configure:6504: checking for grep that handles long lines and -e
configure:6568: result: /data/data/com.termux/files/usr/bin/grep
configure:6573: checking for egrep
configure:6641: result: /data/data/com.termux/files/usr/bin/grep -E
configure:6647: checking whether gcc needs -traditional
conftest.c:29:10: fatal error: sgtty.h: No such file or directory
   29 | #include <sgtty.h>
      |          ^~~~~~~~~
compilation terminated.
configure:6684: result: no
configure:6740: checking for ranlib
configure:6772: result: ranlib
configure:6809: checking for sys/mman.h
configure:6809: gcc -c -O3 -Wall -march=armv8-a+crypto -mtune=cortex-a77  conftest.c >&5
configure:6809: $? = 0
configure:6809: result: yes
configure:6809: checking for wchar.h
configure:6809: gcc -c -O3 -Wall -march=armv8-a+crypto -mtune=cortex-a77  conftest.c >&5
configure:6809: $? = 0
configure:6809: result: yes
configure:6809: checking for stdint.h
configure:6809: result: yes
configure:6831: checking for mprotect
configure:6831: gcc -o conftest -O3 -Wall -march=armv8-a+crypto -mtune=cortex-a77  -L/data/data/com.termux/files/usr/lib conftest.c  >&5
configure:6831: $? = 0
configure:6831: result: yes
configure:6831: checking for sigaction
configure:6831: gcc -o conftest -O3 -Wall -march=armv8-a+crypto -mtune=cortex-a77  -L/data/data/com.termux/files/usr/lib conftest.c  >&5
configure:6831: $? = 0
configure:6831: result: yes
configure:6831: checking for sigaltstack
configure:6831: gcc -o conftest -O3 -Wall -march=armv8-a+crypto -mtune=cortex-a77  -L/data/data/com.termux/files/usr/lib conftest.c  >&5
configure:6831: $? = 0
configure:6831: result: yes
configure:6831: checking for siginterrupt
configure:6831: gcc -o conftest -O3 -Wall -march=armv8-a+crypto -mtune=cortex-a77  -L/data/data/com.termux/files/usr/lib conftest.c  >&5
configure:6831: $? = 0
configure:6831: result: yes
configure:6923: checking for mmap
configure:6923: gcc -o conftest -O3 -Wall -march=armv8-a+crypto -mtune=cortex-a77  -L/data/data/com.termux/files/usr/lib conftest.c  >&5
configure:6923: $? = 0
configure:6923: result: yes
configure:6935: checking for MAP_ANONYMOUS
configure:6974: result: yes
configure:7008: checking whether memchr works
configure:7073: gcc -o conftest -O3 -Wall -march=armv8-a+crypto -mtune=cortex-a77  -L/data/data/com.termux/files/usr/lib conftest.c  >&5
configure:7073: $? = 0
configure:7073: ./conftest
configure:7073: $? = 0
configure:7084: result: yes
configure:7091: checking for gcc options needed to detect all undeclared functions
configure:7113: gcc -c -O3 -Wall -march=armv8-a+crypto -mtune=cortex-a77   conftest.c >&5
conftest.c: In function 'main':
conftest.c:41:8: error: 'strchr' undeclared (first use in this function)
   41 | (void) strchr;
      |        ^~~~~~
conftest.c:1:1: note: 'strchr' is defined in header '<string.h>'; did you forget to '#include <string.h>'?
    1 | /* confdefs.h */
conftest.c:41:8: note: each undeclared identifier is reported only once for each function it appears in
   41 | (void) strchr;
      |        ^~~~~~
configure:7113: $? = 1
configure: failed program was:
| /* confdefs.h */
| #define PACKAGE_NAME "cgminer"
| #define PACKAGE_TARNAME "cgminer"
| #define PACKAGE_VERSION "2.10.4"
| #define PACKAGE_STRING "cgminer 2.10.4"
| #define PACKAGE_BUGREPORT "kernel@kolivas.org"
| #define PACKAGE_URL ""
| #define PACKAGE "cgminer"
| #define VERSION "2.10.4"
| #define HAVE_STDIO_H 1
| #define HAVE_STDLIB_H 1
| #define HAVE_STRING_H 1
| #define HAVE_INTTYPES_H 1
| #define HAVE_STDINT_H 1
| #define HAVE_STRINGS_H 1
| #define HAVE_SYS_STAT_H 1
| #define HAVE_SYS_TYPES_H 1
| #define HAVE_UNISTD_H 1
| #define STDC_HEADERS 1
| #define __EXTENSIONS__ 1
| #define _ALL_SOURCE 1
| #define _GNU_SOURCE 1
| #define _POSIX_PTHREAD_SEMANTICS 1
| #define _TANDEM_SOURCE 1
| #define CGMINER_MAJOR_VERSION 2
| #define CGMINER_MINOR_VERSION 10
| #define CGMINER_MINOR_SUBVERSION 4
| #define HAVE_SYS_MMAN_H 1
| #define HAVE_WCHAR_H 1
| #define HAVE_STDINT_H 1
| #define HAVE_MPROTECT 1
| #define HAVE_SIGACTION 1
| #define HAVE_SIGALTSTACK 1
| #define HAVE_SIGINTERRUPT 1
| #define HAVE_MAP_ANONYMOUS 1
| /* end confdefs.h.  */
| 
| int
| main (void)
| {
| (void) strchr;
|   ;
|   return 0;
| }
configure:7140: gcc -c -O3 -Wall -march=armv8-a+crypto -mtune=cortex-a77   conftest.c >&5
configure:7140: $? = 0
configure:7157: result: none needed
configure:7172: checking whether memmem is declared
configure:7172: gcc -c -O3 -Wall -march=armv8-a+crypto -mtune=cortex-a77   conftest.c >&5
configure:7172: $? = 0
configure:7172: result: yes
configure:7186: checking for memmem
configure:7186: gcc -o conftest -O3 -Wall -march=armv8-a+crypto -mtune=cortex-a77  -L/data/data/com.termux/files/usr/lib conftest.c  >&5
configure:7186: $? = 0
configure:7186: result: yes
configure:7208: checking whether memmem works
configure:7275: gcc -o conftest -O3 -Wall -march=armv8-a+crypto -mtune=cortex-a77  -L/data/data/com.termux/files/usr/lib conftest.c  >&5
configure:7275: $? = 0
configure:7275: ./conftest
configure:7275: $? = 0
configure:7287: result: yes
configure:7305: gcc -c -O3 -Wall -march=armv8-a+crypto -mtune=cortex-a77  conftest.c >&5
conftest.c:40:10: error: unknown type name 'not'
   40 |          not a universal capable compiler
      |          ^~~
conftest.c:40:16: error: expected '=', ',', ';', 'asm' or '__attribute__' before 'universal'
   40 |          not a universal capable compiler
      |                ^~~~~~~~~
conftest.c:40:16: error: unknown type name 'universal'
configure:7305: $? = 1
configure: failed program was:
| /* confdefs.h */
| #define PACKAGE_NAME "cgminer"
| #define PACKAGE_TARNAME "cgminer"
| #define PACKAGE_VERSION "2.10.4"
| #define PACKAGE_STRING "cgminer 2.10.4"
| #define PACKAGE_BUGREPORT "kernel@kolivas.org"
| #define PACKAGE_URL ""
| #define PACKAGE "cgminer"
| #define VERSION "2.10.4"
| #define HAVE_STDIO_H 1
| #define HAVE_STDLIB_H 1
| #define HAVE_STRING_H 1
| #define HAVE_INTTYPES_H 1
| #define HAVE_STDINT_H 1
| #define HAVE_STRINGS_H 1
| #define HAVE_SYS_STAT_H 1
| #define HAVE_SYS_TYPES_H 1
| #define HAVE_UNISTD_H 1
| #define STDC_HEADERS 1
| #define __EXTENSIONS__ 1
| #define _ALL_SOURCE 1
| #define _GNU_SOURCE 1
| #define _POSIX_PTHREAD_SEMANTICS 1
| #define _TANDEM_SOURCE 1
| #define CGMINER_MAJOR_VERSION 2
| #define CGMINER_MINOR_VERSION 10
| #define CGMINER_MINOR_SUBVERSION 4
| #define HAVE_SYS_MMAN_H 1
| #define HAVE_WCHAR_H 1
| #define HAVE_STDINT_H 1
| #define HAVE_MPROTECT 1
| #define HAVE_SIGACTION 1
| #define HAVE_SIGALTSTACK 1
| #define HAVE_SIGINTERRUPT 1
| #define HAVE_MAP_ANONYMOUS 1
| #define HAVE_DECL_MEMMEM 1
| #define HAVE_MEMMEM 1
| /* end confdefs.h.  */
| #ifndef __APPLE_CC__
|          not a universal capable compiler
|         #endif
|         typedef int dummy;
| 
configure:7357: checking for C/C++ restrict keyword
configure:7387: gcc -c -O3 -Wall -march=armv8-a+crypto -mtune=cortex-a77  conftest.c >&5
configure:7387: $? = 0
configure:7396: result: __restrict__
configure:7407: checking for uid_t in sys/types.h
configure:7428: result: yes
configure:7439: checking for inline
configure:7456: gcc -c -O3 -Wall -march=armv8-a+crypto -mtune=cortex-a77  conftest.c >&5
configure:7456: $? = 0
configure:7465: result: inline
configure:7498: checking whether the preprocessor supports include_next
configure:7537: gcc -c -O3 -Wall -march=armv8-a+crypto -mtune=cortex-a77  -Iconftestd1b -Iconftestd2 conftest.c >&5
configure:7537: $? = 0
configure:7560: result: yes
configure:7581: checking whether system header files limit the line length
configure:7606: result: no
configure:7620: checking for wchar_t
configure:7638: gcc -c -O3 -Wall -march=armv8-a+crypto -mtune=cortex-a77  conftest.c >&5
configure:7638: $? = 0
configure:7646: result: yes
configure:7655: checking for unsigned long long int
configure:7695: gcc -o conftest -O3 -Wall -march=armv8-a+crypto -mtune=cortex-a77  -L/data/data/com.termux/files/usr/lib conftest.c  >&5
configure:7695: $? = 0
configure:7705: result: yes
configure:7715: checking for long long int
configure:7755: gcc -o conftest -O3 -Wall -march=armv8-a+crypto -mtune=cortex-a77  -L/data/data/com.termux/files/usr/lib conftest.c  >&5
configure:7755: $? = 0
configure:7755: ./conftest
configure:7755: $? = 0
configure:7768: result: yes
configure:7906: checking whether stdint.h conforms to C99
configure:8078: gcc -c -O3 -Wall -march=armv8-a+crypto -mtune=cortex-a77  conftest.c >&5
conftest.c:157:7: error: negative width in bit-field 'check_WINT'
  157 |   int check_WINT:
      |       ^~~~~~~~~~
conftest.c:186:7: error: negative width in bit-field 'check_uint_fast16'
  186 |   int check_uint_fast16: (uint_fast16_t) -1 == UINT_FAST16_MAX ? 1 : -1;
      |       ^~~~~~~~~~~~~~~~~
conftest.c:187:7: error: negative width in bit-field 'check_uint_fast32'
  187 |   int check_uint_fast32: (uint_fast32_t) -1 == UINT_FAST32_MAX ? 1 : -1;
      |       ^~~~~~~~~~~~~~~~~
configure:8078: $? = 1
configure: failed program was:
| /* confdefs.h */
| #define PACKAGE_NAME "cgminer"
| #define PACKAGE_TARNAME "cgminer"
| #define PACKAGE_VERSION "2.10.4"
| #define PACKAGE_STRING "cgminer 2.10.4"
| #define PACKAGE_BUGREPORT "kernel@kolivas.org"
| #define PACKAGE_URL ""
| #define PACKAGE "cgminer"
| #define VERSION "2.10.4"
| #define HAVE_STDIO_H 1
| #define HAVE_STDLIB_H 1
| #define HAVE_STRING_H 1
| #define HAVE_INTTYPES_H 1
| #define HAVE_STDINT_H 1
| #define HAVE_STRINGS_H 1
| #define HAVE_SYS_STAT_H 1
| #define HAVE_SYS_TYPES_H 1
| #define HAVE_UNISTD_H 1
| #define STDC_HEADERS 1
| #define __EXTENSIONS__ 1
| #define _ALL_SOURCE 1
| #define _GNU_SOURCE 1
| #define _POSIX_PTHREAD_SEMANTICS 1
| #define _TANDEM_SOURCE 1
| #define CGMINER_MAJOR_VERSION 2
| #define CGMINER_MINOR_VERSION 10
| #define CGMINER_MINOR_SUBVERSION 4
| #define HAVE_SYS_MMAN_H 1
| #define HAVE_WCHAR_H 1
| #define HAVE_STDINT_H 1
| #define HAVE_MPROTECT 1
| #define HAVE_SIGACTION 1
| #define HAVE_SIGALTSTACK 1
| #define HAVE_SIGINTERRUPT 1
| #define HAVE_MAP_ANONYMOUS 1
| #define HAVE_DECL_MEMMEM 1
| #define HAVE_MEMMEM 1
| #define restrict __restrict__
| #define HAVE_WCHAR_T 1
| #define HAVE_UNSIGNED_LONG_LONG_INT 1
| #define HAVE_LONG_LONG_INT 1
| /* end confdefs.h.  */
| 
| 
| #define __STDC_LIMIT_MACROS 1 /* to make it work also in C++ mode */
| #define __STDC_CONSTANT_MACROS 1 /* to make it work also in C++ mode */
| #define _GL_JUST_INCLUDE_SYSTEM_STDINT_H 1 /* work if build isn't clean */
| #include <stdint.h>
| /* Dragonfly defines WCHAR_MIN, WCHAR_MAX only in <wchar.h>.  */
| #if !(defined WCHAR_MIN && defined WCHAR_MAX)
| #error "WCHAR_MIN, WCHAR_MAX not defined in <stdint.h>"
| #endif
| 
| 
|   /* BSD/OS 4.0.1 has a bug: <stddef.h>, <stdio.h> and <time.h> must be
|      included before <wchar.h>.  */
|   #include <stddef.h>
|   #include <signal.h>
|   #if HAVE_WCHAR_H
|   # include <stdio.h>
|   # include <time.h>
|   # include <wchar.h>
|   #endif
| 
| 
| #ifdef INT8_MAX
| int8_t a1 = INT8_MAX;
| int8_t a1min = INT8_MIN;
| #endif
| #ifdef INT16_MAX
| int16_t a2 = INT16_MAX;
| int16_t a2min = INT16_MIN;
| #endif
| #ifdef INT32_MAX
| int32_t a3 = INT32_MAX;
| int32_t a3min = INT32_MIN;
| #endif
| #ifdef INT64_MAX
| int64_t a4 = INT64_MAX;
| int64_t a4min = INT64_MIN;
| #endif
| #ifdef UINT8_MAX
| uint8_t b1 = UINT8_MAX;
| #else
| typedef int b1[(unsigned char) -1 != 255 ? 1 : -1];
| #endif
| #ifdef UINT16_MAX
| uint16_t b2 = UINT16_MAX;
| #endif
| #ifdef UINT32_MAX
| uint32_t b3 = UINT32_MAX;
| #endif
| #ifdef UINT64_MAX
| uint64_t b4 = UINT64_MAX;
| #endif
| int_least8_t c1 = INT8_C (0x7f);
| int_least8_t c1max = INT_LEAST8_MAX;
| int_least8_t c1min = INT_LEAST8_MIN;
| int_least16_t c2 = INT16_C (0x7fff);
| int_least16_t c2max = INT_LEAST16_MAX;
| int_least16_t c2min = INT_LEAST16_MIN;
| int_least32_t c3 = INT32_C (0x7fffffff);
| int_least32_t c3max = INT_LEAST32_MAX;
| int_least32_t c3min = INT_LEAST32_MIN;
| int_least64_t c4 = INT64_C (0x7fffffffffffffff);
| int_least64_t c4max = INT_LEAST64_MAX;
| int_least64_t c4min = INT_LEAST64_MIN;
| uint_least8_t d1 = UINT8_C (0xff);
| uint_least8_t d1max = UINT_LEAST8_MAX;
| uint_least16_t d2 = UINT16_C (0xffff);
| uint_least16_t d2max = UINT_LEAST16_MAX;
| uint_least32_t d3 = UINT32_C (0xffffffff);
| uint_least32_t d3max = UINT_LEAST32_MAX;
| uint_least64_t d4 = UINT64_C (0xffffffffffffffff);
| uint_least64_t d4max = UINT_LEAST64_MAX;
| int_fast8_t e1 = INT_FAST8_MAX;
| int_fast8_t e1min = INT_FAST8_MIN;
| int_fast16_t e2 = INT_FAST16_MAX;
| int_fast16_t e2min = INT_FAST16_MIN;
| int_fast32_t e3 = INT_FAST32_MAX;
| int_fast32_t e3min = INT_FAST32_MIN;
| int_fast64_t e4 = INT_FAST64_MAX;
| int_fast64_t e4min = INT_FAST64_MIN;
| uint_fast8_t f1 = UINT_FAST8_MAX;
| uint_fast16_t f2 = UINT_FAST16_MAX;
| uint_fast32_t f3 = UINT_FAST32_MAX;
| uint_fast64_t f4 = UINT_FAST64_MAX;
| #ifdef INTPTR_MAX
| intptr_t g = INTPTR_MAX;
| intptr_t gmin = INTPTR_MIN;
| #endif
| #ifdef UINTPTR_MAX
| uintptr_t h = UINTPTR_MAX;
| #endif
| intmax_t i = INTMAX_MAX;
| uintmax_t j = UINTMAX_MAX;
| 
| #include <limits.h> /* for CHAR_BIT */
| #define TYPE_MINIMUM(t)   ((t) ((t) 0 < (t) -1 ? (t) 0 : ~ TYPE_MAXIMUM (t)))
| #define TYPE_MAXIMUM(t)   ((t) ((t) 0 < (t) -1         ? (t) -1         : ((((t) 1 << (sizeof (t) * CHAR_BIT - 2)) - 1) * 2 + 1)))
| struct s {
|   int check_PTRDIFF:
|       PTRDIFF_MIN == TYPE_MINIMUM (ptrdiff_t)
|       && PTRDIFF_MAX == TYPE_MAXIMUM (ptrdiff_t)
|       ? 1 : -1;
|   /* Detect bug in FreeBSD 6.0 / ia64.  */
|   int check_SIG_ATOMIC:
|       SIG_ATOMIC_MIN == TYPE_MINIMUM (sig_atomic_t)
|       && SIG_ATOMIC_MAX == TYPE_MAXIMUM (sig_atomic_t)
|       ? 1 : -1;
|   int check_SIZE: SIZE_MAX == TYPE_MAXIMUM (size_t) ? 1 : -1;
|   int check_WCHAR:
|       WCHAR_MIN == TYPE_MINIMUM (wchar_t)
|       && WCHAR_MAX == TYPE_MAXIMUM (wchar_t)
|       ? 1 : -1;
|   /* Detect bug in mingw.  */
|   int check_WINT:
|       WINT_MIN == TYPE_MINIMUM (wint_t)
|       && WINT_MAX == TYPE_MAXIMUM (wint_t)
|       ? 1 : -1;
| 
|   /* Detect bugs in glibc 2.4 and Solaris 10 stdint.h, among others.  */
|   int check_UINT8_C:
|         (-1 < UINT8_C (0)) == (-1 < (uint_least8_t) 0) ? 1 : -1;
|   int check_UINT16_C:
|         (-1 < UINT16_C (0)) == (-1 < (uint_least16_t) 0) ? 1 : -1;
| 
|   /* Detect bugs in OpenBSD 3.9 stdint.h.  */
| #ifdef UINT8_MAX
|   int check_uint8: (uint8_t) -1 == UINT8_MAX ? 1 : -1;
| #endif
| #ifdef UINT16_MAX
|   int check_uint16: (uint16_t) -1 == UINT16_MAX ? 1 : -1;
| #endif
| #ifdef UINT32_MAX
|   int check_uint32: (uint32_t) -1 == UINT32_MAX ? 1 : -1;
| #endif
| #ifdef UINT64_MAX
|   int check_uint64: (uint64_t) -1 == UINT64_MAX ? 1 : -1;
| #endif
|   int check_uint_least8: (uint_least8_t) -1 == UINT_LEAST8_MAX ? 1 : -1;
|   int check_uint_least16: (uint_least16_t) -1 == UINT_LEAST16_MAX ? 1 : -1;
|   int check_uint_least32: (uint_least32_t) -1 == UINT_LEAST32_MAX ? 1 : -1;
|   int check_uint_least64: (uint_least64_t) -1 == UINT_LEAST64_MAX ? 1 : -1;
|   int check_uint_fast8: (uint_fast8_t) -1 == UINT_FAST8_MAX ? 1 : -1;
|   int check_uint_fast16: (uint_fast16_t) -1 == UINT_FAST16_MAX ? 1 : -1;
|   int check_uint_fast32: (uint_fast32_t) -1 == UINT_FAST32_MAX ? 1 : -1;
|   int check_uint_fast64: (uint_fast64_t) -1 == UINT_FAST64_MAX ? 1 : -1;
|   int check_uintptr: (uintptr_t) -1 == UINTPTR_MAX ? 1 : -1;
|   int check_uintmax: (uintmax_t) -1 == UINTMAX_MAX ? 1 : -1;
|   int check_size: (size_t) -1 == SIZE_MAX ? 1 : -1;
| };
| 
| int
| main (void)
| {
| 
|   ;
|   return 0;
| }
configure:8175: result: no
configure:8181: checking for sys/inttypes.h
configure:8181: gcc -c -O3 -Wall -march=armv8-a+crypto -mtune=cortex-a77  conftest.c >&5
conftest.c:71:10: fatal error: sys/inttypes.h: No such file or directory
   71 | #include <sys/inttypes.h>
      |          ^~~~~~~~~~~~~~~~
compilation terminated.
configure:8181: $? = 1
configure: failed program was:
| /* confdefs.h */
| #define PACKAGE_NAME "cgminer"
| #define PACKAGE_TARNAME "cgminer"
| #define PACKAGE_VERSION "2.10.4"
| #define PACKAGE_STRING "cgminer 2.10.4"
| #define PACKAGE_BUGREPORT "kernel@kolivas.org"
| #define PACKAGE_URL ""
| #define PACKAGE "cgminer"
| #define VERSION "2.10.4"
| #define HAVE_STDIO_H 1
| #define HAVE_STDLIB_H 1
| #define HAVE_STRING_H 1
| #define HAVE_INTTYPES_H 1
| #define HAVE_STDINT_H 1
| #define HAVE_STRINGS_H 1
| #define HAVE_SYS_STAT_H 1
| #define HAVE_SYS_TYPES_H 1
| #define HAVE_UNISTD_H 1
| #define STDC_HEADERS 1
| #define __EXTENSIONS__ 1
| #define _ALL_SOURCE 1
| #define _GNU_SOURCE 1
| #define _POSIX_PTHREAD_SEMANTICS 1
| #define _TANDEM_SOURCE 1
| #define CGMINER_MAJOR_VERSION 2
| #define CGMINER_MINOR_VERSION 10
| #define CGMINER_MINOR_SUBVERSION 4
| #define HAVE_SYS_MMAN_H 1
| #define HAVE_WCHAR_H 1
| #define HAVE_STDINT_H 1
| #define HAVE_MPROTECT 1
| #define HAVE_SIGACTION 1
| #define HAVE_SIGALTSTACK 1
| #define HAVE_SIGINTERRUPT 1
| #define HAVE_MAP_ANONYMOUS 1
| #define HAVE_DECL_MEMMEM 1
| #define HAVE_MEMMEM 1
| #define restrict __restrict__
| #define HAVE_WCHAR_T 1
| #define HAVE_UNSIGNED_LONG_LONG_INT 1
| #define HAVE_LONG_LONG_INT 1
| /* end confdefs.h.  */
| #include <stddef.h>
| #ifdef HAVE_STDIO_H
| # include <stdio.h>
| #endif
| #ifdef HAVE_STDLIB_H
| # include <stdlib.h>
| #endif
| #ifdef HAVE_STRING_H
| # include <string.h>
| #endif
| #ifdef HAVE_INTTYPES_H
| # include <inttypes.h>
| #endif
| #ifdef HAVE_STDINT_H
| # include <stdint.h>
| #endif
| #ifdef HAVE_STRINGS_H
| # include <strings.h>
| #endif
| #ifdef HAVE_SYS_TYPES_H
| # include <sys/types.h>
| #endif
| #ifdef HAVE_SYS_STAT_H
| # include <sys/stat.h>
| #endif
| #ifdef HAVE_UNISTD_H
| # include <unistd.h>
| #endif
| #include <sys/inttypes.h>
configure:8181: result: no
configure:8187: checking for sys/bitypes.h
configure:8187: gcc -c -O3 -Wall -march=armv8-a+crypto -mtune=cortex-a77  conftest.c >&5
conftest.c:71:10: fatal error: sys/bitypes.h: No such file or directory
   71 | #include <sys/bitypes.h>
      |          ^~~~~~~~~~~~~~~
compilation terminated.
configure:8187: $? = 1
configure: failed program was:
| /* confdefs.h */
| #define PACKAGE_NAME "cgminer"
| #define PACKAGE_TARNAME "cgminer"
| #define PACKAGE_VERSION "2.10.4"
| #define PACKAGE_STRING "cgminer 2.10.4"
| #define PACKAGE_BUGREPORT "kernel@kolivas.org"
| #define PACKAGE_URL ""
| #define PACKAGE "cgminer"
| #define VERSION "2.10.4"
| #define HAVE_STDIO_H 1
| #define HAVE_STDLIB_H 1
| #define HAVE_STRING_H 1
| #define HAVE_INTTYPES_H 1
| #define HAVE_STDINT_H 1
| #define HAVE_STRINGS_H 1
| #define HAVE_SYS_STAT_H 1
| #define HAVE_SYS_TYPES_H 1
| #define HAVE_UNISTD_H 1
| #define STDC_HEADERS 1
| #define __EXTENSIONS__ 1
| #define _ALL_SOURCE 1
| #define _GNU_SOURCE 1
| #define _POSIX_PTHREAD_SEMANTICS 1
| #define _TANDEM_SOURCE 1
| #define CGMINER_MAJOR_VERSION 2
| #define CGMINER_MINOR_VERSION 10
| #define CGMINER_MINOR_SUBVERSION 4
| #define HAVE_SYS_MMAN_H 1
| #define HAVE_WCHAR_H 1
| #define HAVE_STDINT_H 1
| #define HAVE_MPROTECT 1
| #define HAVE_SIGACTION 1
| #define HAVE_SIGALTSTACK 1
| #define HAVE_SIGINTERRUPT 1
| #define HAVE_MAP_ANONYMOUS 1
| #define HAVE_DECL_MEMMEM 1
| #define HAVE_MEMMEM 1
| #define restrict __restrict__
| #define HAVE_WCHAR_T 1
| #define HAVE_UNSIGNED_LONG_LONG_INT 1
| #define HAVE_LONG_LONG_INT 1
| /* end confdefs.h.  */
| #include <stddef.h>
| #ifdef HAVE_STDIO_H
| # include <stdio.h>
| #endif
| #ifdef HAVE_STDLIB_H
| # include <stdlib.h>
| #endif
| #ifdef HAVE_STRING_H
| # include <string.h>
| #endif
| #ifdef HAVE_INTTYPES_H
| # include <inttypes.h>
| #endif
| #ifdef HAVE_STDINT_H
| # include <stdint.h>
| #endif
| #ifdef HAVE_STRINGS_H
| # include <strings.h>
| #endif
| #ifdef HAVE_SYS_TYPES_H
| # include <sys/types.h>
| #endif
| #ifdef HAVE_SYS_STAT_H
| # include <sys/stat.h>
| #endif
| #ifdef HAVE_UNISTD_H
| # include <unistd.h>
| #endif
| #include <sys/bitypes.h>
configure:8187: result: no
configure:8213: checking for bit size of ptrdiff_t
configure:8219: gcc -o conftest -O3 -Wall -march=armv8-a+crypto -mtune=cortex-a77  -L/data/data/com.termux/files/usr/lib conftest.c  >&5
configure:8219: $? = 0
configure:8219: ./conftest
configure:8219: $? = 0
configure:8241: result: 64
configure:8213: checking for bit size of size_t
configure:8219: gcc -o conftest -O3 -Wall -march=armv8-a+crypto -mtune=cortex-a77  -L/data/data/com.termux/files/usr/lib conftest.c  >&5
configure:8219: $? = 0
configure:8219: ./conftest
configure:8219: $? = 0
configure:8241: result: 64
configure:8258: checking for bit size of sig_atomic_t
configure:8264: gcc -o conftest -O3 -Wall -march=armv8-a+crypto -mtune=cortex-a77  -L/data/data/com.termux/files/usr/lib conftest.c  >&5
configure:8264: $? = 0
configure:8264: ./conftest
configure:8264: $? = 0
configure:8286: result: 32
configure:8258: checking for bit size of wchar_t
configure:8264: gcc -o conftest -O3 -Wall -march=armv8-a+crypto -mtune=cortex-a77  -L/data/data/com.termux/files/usr/lib conftest.c  >&5
configure:8264: $? = 0
configure:8264: ./conftest
configure:8264: $? = 0
configure:8286: result: 32
configure:8258: checking for bit size of wint_t
configure:8264: gcc -o conftest -O3 -Wall -march=armv8-a+crypto -mtune=cortex-a77  -L/data/data/com.termux/files/usr/lib conftest.c  >&5
configure:8264: $? = 0
configure:8264: ./conftest
configure:8264: $? = 0
configure:8286: result: 32
configure:8302: checking whether sig_atomic_t is signed
configure:8330: gcc -c -O3 -Wall -march=armv8-a+crypto -mtune=cortex-a77  conftest.c >&5
configure:8330: $? = 0
configure:8341: result: yes
configure:8302: checking whether wchar_t is signed
configure:8330: gcc -c -O3 -Wall -march=armv8-a+crypto -mtune=cortex-a77  conftest.c >&5
conftest.c:60:17: error: size of array 'verify' is negative
   60 |             int verify[2 * ((wchar_t) -1 < (wchar_t) 0) - 1];
      |                 ^~~~~~
configure:8330: $? = 1
configure: failed program was:
| /* confdefs.h */
| #define PACKAGE_NAME "cgminer"
| #define PACKAGE_TARNAME "cgminer"
| #define PACKAGE_VERSION "2.10.4"
| #define PACKAGE_STRING "cgminer 2.10.4"
| #define PACKAGE_BUGREPORT "kernel@kolivas.org"
| #define PACKAGE_URL ""
| #define PACKAGE "cgminer"
| #define VERSION "2.10.4"
| #define HAVE_STDIO_H 1
| #define HAVE_STDLIB_H 1
| #define HAVE_STRING_H 1
| #define HAVE_INTTYPES_H 1
| #define HAVE_STDINT_H 1
| #define HAVE_STRINGS_H 1
| #define HAVE_SYS_STAT_H 1
| #define HAVE_SYS_TYPES_H 1
| #define HAVE_UNISTD_H 1
| #define STDC_HEADERS 1
| #define __EXTENSIONS__ 1
| #define _ALL_SOURCE 1
| #define _GNU_SOURCE 1
| #define _POSIX_PTHREAD_SEMANTICS 1
| #define _TANDEM_SOURCE 1
| #define CGMINER_MAJOR_VERSION 2
| #define CGMINER_MINOR_VERSION 10
| #define CGMINER_MINOR_SUBVERSION 4
| #define HAVE_SYS_MMAN_H 1
| #define HAVE_WCHAR_H 1
| #define HAVE_STDINT_H 1
| #define HAVE_MPROTECT 1
| #define HAVE_SIGACTION 1
| #define HAVE_SIGALTSTACK 1
| #define HAVE_SIGINTERRUPT 1
| #define HAVE_MAP_ANONYMOUS 1
| #define HAVE_DECL_MEMMEM 1
| #define HAVE_MEMMEM 1
| #define restrict __restrict__
| #define HAVE_WCHAR_T 1
| #define HAVE_UNSIGNED_LONG_LONG_INT 1
| #define HAVE_LONG_LONG_INT 1
| #define BITSIZEOF_PTRDIFF_T 64
| #define BITSIZEOF_SIZE_T 64
| #define BITSIZEOF_SIG_ATOMIC_T 32
| #define BITSIZEOF_WCHAR_T 32
| #define BITSIZEOF_WINT_T 32
| #define HAVE_SIGNED_SIG_ATOMIC_T 1
| /* end confdefs.h.  */
| 
|   /* BSD/OS 4.0.1 has a bug: <stddef.h>, <stdio.h> and <time.h> must be
|      included before <wchar.h>.  */
|   #include <stddef.h>
|   #include <signal.h>
|   #if HAVE_WCHAR_H
|   # include <stdio.h>
|   # include <time.h>
|   # include <wchar.h>
|   #endif
| 
|             int verify[2 * ((wchar_t) -1 < (wchar_t) 0) - 1];
| int
| main (void)
| {
| 
|   ;
|   return 0;
| }
configure:8341: result: no
configure:8302: checking whether wint_t is signed
configure:8330: gcc -c -O3 -Wall -march=armv8-a+crypto -mtune=cortex-a77  conftest.c >&5
conftest.c:60:17: error: size of array 'verify' is negative
   60 |             int verify[2 * ((wint_t) -1 < (wint_t) 0) - 1];
      |                 ^~~~~~
configure:8330: $? = 1
configure: failed program was:
| /* confdefs.h */
| #define PACKAGE_NAME "cgminer"
| #define PACKAGE_TARNAME "cgminer"
| #define PACKAGE_VERSION "2.10.4"
| #define PACKAGE_STRING "cgminer 2.10.4"
| #define PACKAGE_BUGREPORT "kernel@kolivas.org"
| #define PACKAGE_URL ""
| #define PACKAGE "cgminer"
| #define VERSION "2.10.4"
| #define HAVE_STDIO_H 1
| #define HAVE_STDLIB_H 1
| #define HAVE_STRING_H 1
| #define HAVE_INTTYPES_H 1
| #define HAVE_STDINT_H 1
| #define HAVE_STRINGS_H 1
| #define HAVE_SYS_STAT_H 1
| #define HAVE_SYS_TYPES_H 1
| #define HAVE_UNISTD_H 1
| #define STDC_HEADERS 1
| #define __EXTENSIONS__ 1
| #define _ALL_SOURCE 1
| #define _GNU_SOURCE 1
| #define _POSIX_PTHREAD_SEMANTICS 1
| #define _TANDEM_SOURCE 1
| #define CGMINER_MAJOR_VERSION 2
| #define CGMINER_MINOR_VERSION 10
| #define CGMINER_MINOR_SUBVERSION 4
| #define HAVE_SYS_MMAN_H 1
| #define HAVE_WCHAR_H 1
| #define HAVE_STDINT_H 1
| #define HAVE_MPROTECT 1
| #define HAVE_SIGACTION 1
| #define HAVE_SIGALTSTACK 1
| #define HAVE_SIGINTERRUPT 1
| #define HAVE_MAP_ANONYMOUS 1
| #define HAVE_DECL_MEMMEM 1
| #define HAVE_MEMMEM 1
| #define restrict __restrict__
| #define HAVE_WCHAR_T 1
| #define HAVE_UNSIGNED_LONG_LONG_INT 1
| #define HAVE_LONG_LONG_INT 1
| #define BITSIZEOF_PTRDIFF_T 64
| #define BITSIZEOF_SIZE_T 64
| #define BITSIZEOF_SIG_ATOMIC_T 32
| #define BITSIZEOF_WCHAR_T 32
| #define BITSIZEOF_WINT_T 32
| #define HAVE_SIGNED_SIG_ATOMIC_T 1
| /* end confdefs.h.  */
| 
|   /* BSD/OS 4.0.1 has a bug: <stddef.h>, <stdio.h> and <time.h> must be
|      included before <wchar.h>.  */
|   #include <stddef.h>
|   #include <signal.h>
|   #if HAVE_WCHAR_H
|   # include <stdio.h>
|   # include <time.h>
|   # include <wchar.h>
|   #endif
| 
|             int verify[2 * ((wint_t) -1 < (wint_t) 0) - 1];
| int
| main (void)
| {
| 
|   ;
|   return 0;
| }
configure:8341: result: no
configure:8361: checking for ptrdiff_t integer literal suffix
configure:8408: gcc -c -O3 -Wall -march=armv8-a+crypto -mtune=cortex-a77  conftest.c >&5
conftest.c:61:26: error: conflicting types for 'foo'; have 'int'
   61 |               extern int foo;
      |                          ^~~
conftest.c:60:32: note: previous declaration of 'foo' with type 'ptrdiff_t' {aka 'long int'}
   60 |               extern ptrdiff_t foo;
      |                                ^~~
configure:8408: $? = 1
configure: failed program was:
| /* confdefs.h */
| #define PACKAGE_NAME "cgminer"
| #define PACKAGE_TARNAME "cgminer"
| #define PACKAGE_VERSION "2.10.4"
| #define PACKAGE_STRING "cgminer 2.10.4"
| #define PACKAGE_BUGREPORT "kernel@kolivas.org"
| #define PACKAGE_URL ""
| #define PACKAGE "cgminer"
| #define VERSION "2.10.4"
| #define HAVE_STDIO_H 1
| #define HAVE_STDLIB_H 1
| #define HAVE_STRING_H 1
| #define HAVE_INTTYPES_H 1
| #define HAVE_STDINT_H 1
| #define HAVE_STRINGS_H 1
| #define HAVE_SYS_STAT_H 1
| #define HAVE_SYS_TYPES_H 1
| #define HAVE_UNISTD_H 1
| #define STDC_HEADERS 1
| #define __EXTENSIONS__ 1
| #define _ALL_SOURCE 1
| #define _GNU_SOURCE 1
| #define _POSIX_PTHREAD_SEMANTICS 1
| #define _TANDEM_SOURCE 1
| #define CGMINER_MAJOR_VERSION 2
| #define CGMINER_MINOR_VERSION 10
| #define CGMINER_MINOR_SUBVERSION 4
| #define HAVE_SYS_MMAN_H 1
| #define HAVE_WCHAR_H 1
| #define HAVE_STDINT_H 1
| #define HAVE_MPROTECT 1
| #define HAVE_SIGACTION 1
| #define HAVE_SIGALTSTACK 1
| #define HAVE_SIGINTERRUPT 1
| #define HAVE_MAP_ANONYMOUS 1
| #define HAVE_DECL_MEMMEM 1
| #define HAVE_MEMMEM 1
| #define restrict __restrict__
| #define HAVE_WCHAR_T 1
| #define HAVE_UNSIGNED_LONG_LONG_INT 1
| #define HAVE_LONG_LONG_INT 1
| #define BITSIZEOF_PTRDIFF_T 64
| #define BITSIZEOF_SIZE_T 64
| #define BITSIZEOF_SIG_ATOMIC_T 32
| #define BITSIZEOF_WCHAR_T 32
| #define BITSIZEOF_WINT_T 32
| #define HAVE_SIGNED_SIG_ATOMIC_T 1
| /* end confdefs.h.  */
| 
|   /* BSD/OS 4.0.1 has a bug: <stddef.h>, <stdio.h> and <time.h> must be
|      included before <wchar.h>.  */
|   #include <stddef.h>
|   #include <signal.h>
|   #if HAVE_WCHAR_H
|   # include <stdio.h>
|   # include <time.h>
|   # include <wchar.h>
|   #endif
| 
|               extern ptrdiff_t foo;
|               extern int foo;
| int
| main (void)
| {
| 
|   ;
|   return 0;
| }
configure:8408: gcc -c -O3 -Wall -march=armv8-a+crypto -mtune=cortex-a77  conftest.c >&5
configure:8408: $? = 0
configure:8418: result: l
configure:8361: checking for size_t integer literal suffix
configure:8408: gcc -c -O3 -Wall -march=armv8-a+crypto -mtune=cortex-a77  conftest.c >&5
conftest.c:62:35: error: conflicting types for 'foo'; have 'unsigned int'
   62 |               extern unsigned int foo;
      |                                   ^~~
conftest.c:61:29: note: previous declaration of 'foo' with type 'size_t' {aka 'long unsigned int'}
   61 |               extern size_t foo;
      |                             ^~~
configure:8408: $? = 1
configure: failed program was:
| /* confdefs.h */
| #define PACKAGE_NAME "cgminer"
| #define PACKAGE_TARNAME "cgminer"
| #define PACKAGE_VERSION "2.10.4"
| #define PACKAGE_STRING "cgminer 2.10.4"
| #define PACKAGE_BUGREPORT "kernel@kolivas.org"
| #define PACKAGE_URL ""
| #define PACKAGE "cgminer"
| #define VERSION "2.10.4"
| #define HAVE_STDIO_H 1
| #define HAVE_STDLIB_H 1
| #define HAVE_STRING_H 1
| #define HAVE_INTTYPES_H 1
| #define HAVE_STDINT_H 1
| #define HAVE_STRINGS_H 1
| #define HAVE_SYS_STAT_H 1
| #define HAVE_SYS_TYPES_H 1
| #define HAVE_UNISTD_H 1
| #define STDC_HEADERS 1
| #define __EXTENSIONS__ 1
| #define _ALL_SOURCE 1
| #define _GNU_SOURCE 1
| #define _POSIX_PTHREAD_SEMANTICS 1
| #define _TANDEM_SOURCE 1
| #define CGMINER_MAJOR_VERSION 2
| #define CGMINER_MINOR_VERSION 10
| #define CGMINER_MINOR_SUBVERSION 4
| #define HAVE_SYS_MMAN_H 1
| #define HAVE_WCHAR_H 1
| #define HAVE_STDINT_H 1
| #define HAVE_MPROTECT 1
| #define HAVE_SIGACTION 1
| #define HAVE_SIGALTSTACK 1
| #define HAVE_SIGINTERRUPT 1
| #define HAVE_MAP_ANONYMOUS 1
| #define HAVE_DECL_MEMMEM 1
| #define HAVE_MEMMEM 1
| #define restrict __restrict__
| #define HAVE_WCHAR_T 1
| #define HAVE_UNSIGNED_LONG_LONG_INT 1
| #define HAVE_LONG_LONG_INT 1
| #define BITSIZEOF_PTRDIFF_T 64
| #define BITSIZEOF_SIZE_T 64
| #define BITSIZEOF_SIG_ATOMIC_T 32
| #define BITSIZEOF_WCHAR_T 32
| #define BITSIZEOF_WINT_T 32
| #define HAVE_SIGNED_SIG_ATOMIC_T 1
| #define PTRDIFF_T_SUFFIX l
| /* end confdefs.h.  */
| 
|   /* BSD/OS 4.0.1 has a bug: <stddef.h>, <stdio.h> and <time.h> must be
|      included before <wchar.h>.  */
|   #include <stddef.h>
|   #include <signal.h>
|   #if HAVE_WCHAR_H
|   # include <stdio.h>
|   # include <time.h>
|   # include <wchar.h>
|   #endif
| 
|               extern size_t foo;
|               extern unsigned int foo;
| int
| main (void)
| {
| 
|   ;
|   return 0;
| }
configure:8408: gcc -c -O3 -Wall -march=armv8-a+crypto -mtune=cortex-a77  conftest.c >&5
configure:8408: $? = 0
configure:8418: result: ul
configure:8433: checking for sig_atomic_t integer literal suffix
configure:8480: gcc -c -O3 -Wall -march=armv8-a+crypto -mtune=cortex-a77  conftest.c >&5
configure:8480: $? = 0
configure:8490: result: 
configure:8433: checking for wchar_t integer literal suffix
configure:8480: gcc -c -O3 -Wall -march=armv8-a+crypto -mtune=cortex-a77  conftest.c >&5
configure:8480: $? = 0
configure:8490: result: u
configure:8433: checking for wint_t integer literal suffix
configure:8480: gcc -c -O3 -Wall -march=armv8-a+crypto -mtune=cortex-a77  conftest.c >&5
configure:8480: $? = 0
configure:8490: result: u
configure:8575: checking whether memmem is declared without a macro
configure:8594: gcc -c -O3 -Wall -march=armv8-a+crypto -mtune=cortex-a77  conftest.c >&5
configure:8594: $? = 0
configure:8603: result: yes
configure:8575: checking whether mempcpy is declared without a macro
configure:8594: gcc -c -O3 -Wall -march=armv8-a+crypto -mtune=cortex-a77  conftest.c >&5
configure:8594: $? = 0
configure:8603: result: yes
configure:8575: checking whether memrchr is declared without a macro
configure:8594: gcc -c -O3 -Wall -march=armv8-a+crypto -mtune=cortex-a77  conftest.c >&5
configure:8594: $? = 0
configure:8603: result: yes
configure:8575: checking whether rawmemchr is declared without a macro
configure:8594: gcc -c -O3 -Wall -march=armv8-a+crypto -mtune=cortex-a77  conftest.c >&5
conftest.c: In function 'main':
conftest.c:63:10: error: 'rawmemchr' undeclared (first use in this function); did you mean 'memchr'?
   63 |   (void) rawmemchr;
      |          ^~~~~~~~~
      |          memchr
conftest.c:63:10: note: each undeclared identifier is reported only once for each function it appears in
configure:8594: $? = 1
configure: failed program was:
| /* confdefs.h */
| #define PACKAGE_NAME "cgminer"
| #define PACKAGE_TARNAME "cgminer"
| #define PACKAGE_VERSION "2.10.4"
| #define PACKAGE_STRING "cgminer 2.10.4"
| #define PACKAGE_BUGREPORT "kernel@kolivas.org"
| #define PACKAGE_URL ""
| #define PACKAGE "cgminer"
| #define VERSION "2.10.4"
| #define HAVE_STDIO_H 1
| #define HAVE_STDLIB_H 1
| #define HAVE_STRING_H 1
| #define HAVE_INTTYPES_H 1
| #define HAVE_STDINT_H 1
| #define HAVE_STRINGS_H 1
| #define HAVE_SYS_STAT_H 1
| #define HAVE_SYS_TYPES_H 1
| #define HAVE_UNISTD_H 1
| #define STDC_HEADERS 1
| #define __EXTENSIONS__ 1
| #define _ALL_SOURCE 1
| #define _GNU_SOURCE 1
| #define _POSIX_PTHREAD_SEMANTICS 1
| #define _TANDEM_SOURCE 1
| #define CGMINER_MAJOR_VERSION 2
| #define CGMINER_MINOR_VERSION 10
| #define CGMINER_MINOR_SUBVERSION 4
| #define HAVE_SYS_MMAN_H 1
| #define HAVE_WCHAR_H 1
| #define HAVE_STDINT_H 1
| #define HAVE_MPROTECT 1
| #define HAVE_SIGACTION 1
| #define HAVE_SIGALTSTACK 1
| #define HAVE_SIGINTERRUPT 1
| #define HAVE_MAP_ANONYMOUS 1
| #define HAVE_DECL_MEMMEM 1
| #define HAVE_MEMMEM 1
| #define restrict __restrict__
| #define HAVE_WCHAR_T 1
| #define HAVE_UNSIGNED_LONG_LONG_INT 1
| #define HAVE_LONG_LONG_INT 1
| #define BITSIZEOF_PTRDIFF_T 64
| #define BITSIZEOF_SIZE_T 64
| #define BITSIZEOF_SIG_ATOMIC_T 32
| #define BITSIZEOF_WCHAR_T 32
| #define BITSIZEOF_WINT_T 32
| #define HAVE_SIGNED_SIG_ATOMIC_T 1
| #define PTRDIFF_T_SUFFIX l
| #define SIZE_T_SUFFIX ul
| #define SIG_ATOMIC_T_SUFFIX 
| #define WCHAR_T_SUFFIX u
| #define WINT_T_SUFFIX u
| #define HAVE_RAW_DECL_MEMMEM 1
| #define HAVE_RAW_DECL_MEMPCPY 1
| #define HAVE_RAW_DECL_MEMRCHR 1
| /* end confdefs.h.  */
| #include <string.h>
| 
| int
| main (void)
| {
| #undef rawmemchr
|   (void) rawmemchr;
|   ;
|   return 0;
| }
configure:8603: result: no
configure:8575: checking whether stpcpy is declared without a macro
configure:8594: gcc -c -O3 -Wall -march=armv8-a+crypto -mtune=cortex-a77  conftest.c >&5
configure:8594: $? = 0
configure:8603: result: yes
configure:8575: checking whether stpncpy is declared without a macro
configure:8594: gcc -c -O3 -Wall -march=armv8-a+crypto -mtune=cortex-a77  conftest.c >&5
configure:8594: $? = 0
configure:8603: result: yes
configure:8575: checking whether strchrnul is declared without a macro
configure:8594: gcc -c -O3 -Wall -march=armv8-a+crypto -mtune=cortex-a77  conftest.c >&5
configure:8594: $? = 0
configure:8603: result: yes
configure:8575: checking whether strdup is declared without a macro
configure:8594: gcc -c -O3 -Wall -march=armv8-a+crypto -mtune=cortex-a77  conftest.c >&5
configure:8594: $? = 0
configure:8603: result: yes
configure:8575: checking whether strncat is declared without a macro
configure:8594: gcc -c -O3 -Wall -march=armv8-a+crypto -mtune=cortex-a77  conftest.c >&5
configure:8594: $? = 0
configure:8603: result: yes
configure:8575: checking whether strndup is declared without a macro
configure:8594: gcc -c -O3 -Wall -march=armv8-a+crypto -mtune=cortex-a77  conftest.c >&5
configure:8594: $? = 0
configure:8603: result: yes
configure:8575: checking whether strnlen is declared without a macro
configure:8594: gcc -c -O3 -Wall -march=armv8-a+crypto -mtune=cortex-a77  conftest.c >&5
configure:8594: $? = 0
configure:8603: result: yes
configure:8575: checking whether strpbrk is declared without a macro
configure:8594: gcc -c -O3 -Wall -march=armv8-a+crypto -mtune=cortex-a77  conftest.c >&5
configure:8594: $? = 0
configure:8603: result: yes
configure:8575: checking whether strsep is declared without a macro
configure:8594: gcc -c -O3 -Wall -march=armv8-a+crypto -mtune=cortex-a77  conftest.c >&5
configure:8594: $? = 0
configure:8603: result: yes
configure:8575: checking whether strcasestr is declared without a macro
configure:8594: gcc -c -O3 -Wall -march=armv8-a+crypto -mtune=cortex-a77  conftest.c >&5
configure:8594: $? = 0
configure:8603: result: yes
configure:8575: checking whether strtok_r is declared without a macro
configure:8594: gcc -c -O3 -Wall -march=armv8-a+crypto -mtune=cortex-a77  conftest.c >&5
configure:8594: $? = 0
configure:8603: result: yes
configure:8575: checking whether strerror_r is declared without a macro
configure:8594: gcc -c -O3 -Wall -march=armv8-a+crypto -mtune=cortex-a77  conftest.c >&5
configure:8594: $? = 0
configure:8603: result: yes
configure:8575: checking whether strsignal is declared without a macro
configure:8594: gcc -c -O3 -Wall -march=armv8-a+crypto -mtune=cortex-a77  conftest.c >&5
configure:8594: $? = 0
configure:8603: result: yes
configure:8575: checking whether strverscmp is declared without a macro
configure:8594: gcc -c -O3 -Wall -march=armv8-a+crypto -mtune=cortex-a77  conftest.c >&5
conftest.c: In function 'main':
conftest.c:76:10: error: 'strverscmp' undeclared (first use in this function); did you mean 'strncmp'?
   76 |   (void) strverscmp;
      |          ^~~~~~~~~~
      |          strncmp
conftest.c:76:10: note: each undeclared identifier is reported only once for each function it appears in
configure:8594: $? = 1
configure: failed program was:
| /* confdefs.h */
| #define PACKAGE_NAME "cgminer"
| #define PACKAGE_TARNAME "cgminer"
| #define PACKAGE_VERSION "2.10.4"
| #define PACKAGE_STRING "cgminer 2.10.4"
| #define PACKAGE_BUGREPORT "kernel@kolivas.org"
| #define PACKAGE_URL ""
| #define PACKAGE "cgminer"
| #define VERSION "2.10.4"
| #define HAVE_STDIO_H 1
| #define HAVE_STDLIB_H 1
| #define HAVE_STRING_H 1
| #define HAVE_INTTYPES_H 1
| #define HAVE_STDINT_H 1
| #define HAVE_STRINGS_H 1
| #define HAVE_SYS_STAT_H 1
| #define HAVE_SYS_TYPES_H 1
| #define HAVE_UNISTD_H 1
| #define STDC_HEADERS 1
| #define __EXTENSIONS__ 1
| #define _ALL_SOURCE 1
| #define _GNU_SOURCE 1
| #define _POSIX_PTHREAD_SEMANTICS 1
| #define _TANDEM_SOURCE 1
| #define CGMINER_MAJOR_VERSION 2
| #define CGMINER_MINOR_VERSION 10
| #define CGMINER_MINOR_SUBVERSION 4
| #define HAVE_SYS_MMAN_H 1
| #define HAVE_WCHAR_H 1
| #define HAVE_STDINT_H 1
| #define HAVE_MPROTECT 1
| #define HAVE_SIGACTION 1
| #define HAVE_SIGALTSTACK 1
| #define HAVE_SIGINTERRUPT 1
| #define HAVE_MAP_ANONYMOUS 1
| #define HAVE_DECL_MEMMEM 1
| #define HAVE_MEMMEM 1
| #define restrict __restrict__
| #define HAVE_WCHAR_T 1
| #define HAVE_UNSIGNED_LONG_LONG_INT 1
| #define HAVE_LONG_LONG_INT 1
| #define BITSIZEOF_PTRDIFF_T 64
| #define BITSIZEOF_SIZE_T 64
| #define BITSIZEOF_SIG_ATOMIC_T 32
| #define BITSIZEOF_WCHAR_T 32
| #define BITSIZEOF_WINT_T 32
| #define HAVE_SIGNED_SIG_ATOMIC_T 1
| #define PTRDIFF_T_SUFFIX l
| #define SIZE_T_SUFFIX ul
| #define SIG_ATOMIC_T_SUFFIX 
| #define WCHAR_T_SUFFIX u
| #define WINT_T_SUFFIX u
| #define HAVE_RAW_DECL_MEMMEM 1
| #define HAVE_RAW_DECL_MEMPCPY 1
| #define HAVE_RAW_DECL_MEMRCHR 1
| #define HAVE_RAW_DECL_STPCPY 1
| #define HAVE_RAW_DECL_STPNCPY 1
| #define HAVE_RAW_DECL_STRCHRNUL 1
| #define HAVE_RAW_DECL_STRDUP 1
| #define HAVE_RAW_DECL_STRNCAT 1
| #define HAVE_RAW_DECL_STRNDUP 1
| #define HAVE_RAW_DECL_STRNLEN 1
| #define HAVE_RAW_DECL_STRPBRK 1
| #define HAVE_RAW_DECL_STRSEP 1
| #define HAVE_RAW_DECL_STRCASESTR 1
| #define HAVE_RAW_DECL_STRTOK_R 1
| #define HAVE_RAW_DECL_STRERROR_R 1
| #define HAVE_RAW_DECL_STRSIGNAL 1
| /* end confdefs.h.  */
| #include <string.h>
| 
| int
| main (void)
| {
| #undef strverscmp
|   (void) strverscmp;
|   ;
|   return 0;
| }
configure:8603: result: no
configure:8679: checking whether memmem works in linear time
configure:8753: gcc -o conftest -O3 -Wall -march=armv8-a+crypto -mtune=cortex-a77  -L/data/data/com.termux/files/usr/lib conftest.c  >&5
configure:8753: $? = 0
configure:8753: ./conftest
configure:8753: $? = 0
configure:8765: result: yes
configure:8788: checking for memmem
configure:8788: result: yes
configure:8810: checking whether memmem works
configure:8889: result: yes
configure:8935: checking for struct sigaction.sa_sigaction
configure:8935: gcc -c -O3 -Wall -march=armv8-a+crypto -mtune=cortex-a77  conftest.c >&5
configure:8935: $? = 0
configure:8935: result: yes
configure:9069: checking for volatile sig_atomic_t
configure:9069: gcc -c -O3 -Wall -march=armv8-a+crypto -mtune=cortex-a77  conftest.c >&5
configure:9069: $? = 0
configure:9069: gcc -c -O3 -Wall -march=armv8-a+crypto -mtune=cortex-a77  conftest.c >&5
conftest.c: In function 'main':
conftest.c:82:36: error: expected expression before ')' token
   82 | if (sizeof ((volatile sig_atomic_t)))
      |                                    ^
configure:9069: $? = 1
configure: failed program was:
| /* confdefs.h */
| #define PACKAGE_NAME "cgminer"
| #define PACKAGE_TARNAME "cgminer"
| #define PACKAGE_VERSION "2.10.4"
| #define PACKAGE_STRING "cgminer 2.10.4"
| #define PACKAGE_BUGREPORT "kernel@kolivas.org"
| #define PACKAGE_URL ""
| #define PACKAGE "cgminer"
| #define VERSION "2.10.4"
| #define HAVE_STDIO_H 1
| #define HAVE_STDLIB_H 1
| #define HAVE_STRING_H 1
| #define HAVE_INTTYPES_H 1
| #define HAVE_STDINT_H 1
| #define HAVE_STRINGS_H 1
| #define HAVE_SYS_STAT_H 1
| #define HAVE_SYS_TYPES_H 1
| #define HAVE_UNISTD_H 1
| #define STDC_HEADERS 1
| #define __EXTENSIONS__ 1
| #define _ALL_SOURCE 1
| #define _GNU_SOURCE 1
| #define _POSIX_PTHREAD_SEMANTICS 1
| #define _TANDEM_SOURCE 1
| #define CGMINER_MAJOR_VERSION 2
| #define CGMINER_MINOR_VERSION 10
| #define CGMINER_MINOR_SUBVERSION 4
| #define HAVE_SYS_MMAN_H 1
| #define HAVE_WCHAR_H 1
| #define HAVE_STDINT_H 1
| #define HAVE_MPROTECT 1
| #define HAVE_SIGACTION 1
| #define HAVE_SIGALTSTACK 1
| #define HAVE_SIGINTERRUPT 1
| #define HAVE_MAP_ANONYMOUS 1
| #define HAVE_DECL_MEMMEM 1
| #define HAVE_MEMMEM 1
| #define restrict __restrict__
| #define HAVE_WCHAR_T 1
| #define HAVE_UNSIGNED_LONG_LONG_INT 1
| #define HAVE_LONG_LONG_INT 1
| #define BITSIZEOF_PTRDIFF_T 64
| #define BITSIZEOF_SIZE_T 64
| #define BITSIZEOF_SIG_ATOMIC_T 32
| #define BITSIZEOF_WCHAR_T 32
| #define BITSIZEOF_WINT_T 32
| #define HAVE_SIGNED_SIG_ATOMIC_T 1
| #define PTRDIFF_T_SUFFIX l
| #define SIZE_T_SUFFIX ul
| #define SIG_ATOMIC_T_SUFFIX 
| #define WCHAR_T_SUFFIX u
| #define WINT_T_SUFFIX u
| #define HAVE_RAW_DECL_MEMMEM 1
| #define HAVE_RAW_DECL_MEMPCPY 1
| #define HAVE_RAW_DECL_MEMRCHR 1
| #define HAVE_RAW_DECL_STPCPY 1
| #define HAVE_RAW_DECL_STPNCPY 1
| #define HAVE_RAW_DECL_STRCHRNUL 1
| #define HAVE_RAW_DECL_STRDUP 1
| #define HAVE_RAW_DECL_STRNCAT 1
| #define HAVE_RAW_DECL_STRNDUP 1
| #define HAVE_RAW_DECL_STRNLEN 1
| #define HAVE_RAW_DECL_STRPBRK 1
| #define HAVE_RAW_DECL_STRSEP 1
| #define HAVE_RAW_DECL_STRCASESTR 1
| #define HAVE_RAW_DECL_STRTOK_R 1
| #define HAVE_RAW_DECL_STRERROR_R 1
| #define HAVE_RAW_DECL_STRSIGNAL 1
| #define GNULIB_TEST_MEMCHR 1
| #define HAVE_MEMMEM 1
| #define GNULIB_TEST_MEMMEM 1
| #define HAVE_STRUCT_SIGACTION_SA_SIGACTION 1
| #define GNULIB_TEST_SIGACTION 1
| /* end confdefs.h.  */
| 
| #include <signal.h>
| 
| 
| int
| main (void)
| {
| if (sizeof ((volatile sig_atomic_t)))
| 	    return 0;
|   ;
|   return 0;
| }
configure:9069: result: yes
configure:9084: checking for sighandler_t
configure:9084: gcc -c -O3 -Wall -march=armv8-a+crypto -mtune=cortex-a77  conftest.c >&5
configure:9084: $? = 0
configure:9084: gcc -c -O3 -Wall -march=armv8-a+crypto -mtune=cortex-a77  conftest.c >&5
conftest.c: In function 'main':
conftest.c:82:27: error: expected expression before ')' token
   82 | if (sizeof ((sighandler_t)))
      |                           ^
configure:9084: $? = 1
configure: failed program was:
| /* confdefs.h */
| #define PACKAGE_NAME "cgminer"
| #define PACKAGE_TARNAME "cgminer"
| #define PACKAGE_VERSION "2.10.4"
| #define PACKAGE_STRING "cgminer 2.10.4"
| #define PACKAGE_BUGREPORT "kernel@kolivas.org"
| #define PACKAGE_URL ""
| #define PACKAGE "cgminer"
| #define VERSION "2.10.4"
| #define HAVE_STDIO_H 1
| #define HAVE_STDLIB_H 1
| #define HAVE_STRING_H 1
| #define HAVE_INTTYPES_H 1
| #define HAVE_STDINT_H 1
| #define HAVE_STRINGS_H 1
| #define HAVE_SYS_STAT_H 1
| #define HAVE_SYS_TYPES_H 1
| #define HAVE_UNISTD_H 1
| #define STDC_HEADERS 1
| #define __EXTENSIONS__ 1
| #define _ALL_SOURCE 1
| #define _GNU_SOURCE 1
| #define _POSIX_PTHREAD_SEMANTICS 1
| #define _TANDEM_SOURCE 1
| #define CGMINER_MAJOR_VERSION 2
| #define CGMINER_MINOR_VERSION 10
| #define CGMINER_MINOR_SUBVERSION 4
| #define HAVE_SYS_MMAN_H 1
| #define HAVE_WCHAR_H 1
| #define HAVE_STDINT_H 1
| #define HAVE_MPROTECT 1
| #define HAVE_SIGACTION 1
| #define HAVE_SIGALTSTACK 1
| #define HAVE_SIGINTERRUPT 1
| #define HAVE_MAP_ANONYMOUS 1
| #define HAVE_DECL_MEMMEM 1
| #define HAVE_MEMMEM 1
| #define restrict __restrict__
| #define HAVE_WCHAR_T 1
| #define HAVE_UNSIGNED_LONG_LONG_INT 1
| #define HAVE_LONG_LONG_INT 1
| #define BITSIZEOF_PTRDIFF_T 64
| #define BITSIZEOF_SIZE_T 64
| #define BITSIZEOF_SIG_ATOMIC_T 32
| #define BITSIZEOF_WCHAR_T 32
| #define BITSIZEOF_WINT_T 32
| #define HAVE_SIGNED_SIG_ATOMIC_T 1
| #define PTRDIFF_T_SUFFIX l
| #define SIZE_T_SUFFIX ul
| #define SIG_ATOMIC_T_SUFFIX 
| #define WCHAR_T_SUFFIX u
| #define WINT_T_SUFFIX u
| #define HAVE_RAW_DECL_MEMMEM 1
| #define HAVE_RAW_DECL_MEMPCPY 1
| #define HAVE_RAW_DECL_MEMRCHR 1
| #define HAVE_RAW_DECL_STPCPY 1
| #define HAVE_RAW_DECL_STPNCPY 1
| #define HAVE_RAW_DECL_STRCHRNUL 1
| #define HAVE_RAW_DECL_STRDUP 1
| #define HAVE_RAW_DECL_STRNCAT 1
| #define HAVE_RAW_DECL_STRNDUP 1
| #define HAVE_RAW_DECL_STRNLEN 1
| #define HAVE_RAW_DECL_STRPBRK 1
| #define HAVE_RAW_DECL_STRSEP 1
| #define HAVE_RAW_DECL_STRCASESTR 1
| #define HAVE_RAW_DECL_STRTOK_R 1
| #define HAVE_RAW_DECL_STRERROR_R 1
| #define HAVE_RAW_DECL_STRSIGNAL 1
| #define GNULIB_TEST_MEMCHR 1
| #define HAVE_MEMMEM 1
| #define GNULIB_TEST_MEMMEM 1
| #define HAVE_STRUCT_SIGACTION_SA_SIGACTION 1
| #define GNULIB_TEST_SIGACTION 1
| /* end confdefs.h.  */
| 
| #include <signal.h>
| 
| 
| int
| main (void)
| {
| if (sizeof ((sighandler_t)))
| 	    return 0;
|   ;
|   return 0;
| }
configure:9084: result: yes
configure:9099: checking whether sigaction is declared without a macro
configure:9118: gcc -c -O3 -Wall -march=armv8-a+crypto -mtune=cortex-a77  conftest.c >&5
configure:9118: $? = 0
configure:9127: result: yes
configure:9099: checking whether sigaddset is declared without a macro
configure:9118: gcc -c -O3 -Wall -march=armv8-a+crypto -mtune=cortex-a77  conftest.c >&5
configure:9118: $? = 0
configure:9127: result: yes
configure:9099: checking whether sigdelset is declared without a macro
configure:9118: gcc -c -O3 -Wall -march=armv8-a+crypto -mtune=cortex-a77  conftest.c >&5
configure:9118: $? = 0
configure:9127: result: yes
configure:9099: checking whether sigemptyset is declared without a macro
configure:9118: gcc -c -O3 -Wall -march=armv8-a+crypto -mtune=cortex-a77  conftest.c >&5
configure:9118: $? = 0
configure:9127: result: yes
configure:9099: checking whether sigfillset is declared without a macro
configure:9118: gcc -c -O3 -Wall -march=armv8-a+crypto -mtune=cortex-a77  conftest.c >&5
configure:9118: $? = 0
configure:9127: result: yes
configure:9099: checking whether sigismember is declared without a macro
configure:9118: gcc -c -O3 -Wall -march=armv8-a+crypto -mtune=cortex-a77  conftest.c >&5
configure:9118: $? = 0
configure:9127: result: yes
configure:9099: checking whether sigpending is declared without a macro
configure:9118: gcc -c -O3 -Wall -march=armv8-a+crypto -mtune=cortex-a77  conftest.c >&5
configure:9118: $? = 0
configure:9127: result: yes
configure:9099: checking whether sigprocmask is declared without a macro
configure:9118: gcc -c -O3 -Wall -march=armv8-a+crypto -mtune=cortex-a77  conftest.c >&5
configure:9118: $? = 0
configure:9127: result: yes
configure:9158: checking for sigprocmask
configure:9158: gcc -o conftest -O3 -Wall -march=armv8-a+crypto -mtune=cortex-a77  -L/data/data/com.termux/files/usr/lib conftest.c  >&5
configure:9158: $? = 0
configure:9158: result: yes
configure:9225: checking whether NULL can be used in arbitrary expressions
configure:9244: gcc -c -O3 -Wall -march=armv8-a+crypto -mtune=cortex-a77  conftest.c >&5
configure:9244: $? = 0
configure:9252: result: yes
configure:9371: checking for egrep
configure:9439: result: /data/data/com.termux/files/usr/bin/grep -E
configure:9445: checking for syslog.h
configure:9445: gcc -c -O3 -Wall -march=armv8-a+crypto -mtune=cortex-a77  conftest.c >&5
configure:9445: $? = 0
configure:9445: result: yes
configure:9453: checking for size_t
configure:9453: gcc -c -O3 -Wall -march=armv8-a+crypto -mtune=cortex-a77  conftest.c >&5
configure:9453: $? = 0
configure:9453: gcc -c -O3 -Wall -march=armv8-a+crypto -mtune=cortex-a77  conftest.c >&5
conftest.c: In function 'main':
conftest.c:116:21: error: expected expression before ')' token
  116 | if (sizeof ((size_t)))
      |                     ^
configure:9453: $? = 1
configure: failed program was:
| /* confdefs.h */
| #define PACKAGE_NAME "cgminer"
| #define PACKAGE_TARNAME "cgminer"
| #define PACKAGE_VERSION "2.10.4"
| #define PACKAGE_STRING "cgminer 2.10.4"
| #define PACKAGE_BUGREPORT "kernel@kolivas.org"
| #define PACKAGE_URL ""
| #define PACKAGE "cgminer"
| #define VERSION "2.10.4"
| #define HAVE_STDIO_H 1
| #define HAVE_STDLIB_H 1
| #define HAVE_STRING_H 1
| #define HAVE_INTTYPES_H 1
| #define HAVE_STDINT_H 1
| #define HAVE_STRINGS_H 1
| #define HAVE_SYS_STAT_H 1
| #define HAVE_SYS_TYPES_H 1
| #define HAVE_UNISTD_H 1
| #define STDC_HEADERS 1
| #define __EXTENSIONS__ 1
| #define _ALL_SOURCE 1
| #define _GNU_SOURCE 1
| #define _POSIX_PTHREAD_SEMANTICS 1
| #define _TANDEM_SOURCE 1
| #define CGMINER_MAJOR_VERSION 2
| #define CGMINER_MINOR_VERSION 10
| #define CGMINER_MINOR_SUBVERSION 4
| #define HAVE_SYS_MMAN_H 1
| #define HAVE_WCHAR_H 1
| #define HAVE_STDINT_H 1
| #define HAVE_MPROTECT 1
| #define HAVE_SIGACTION 1
| #define HAVE_SIGALTSTACK 1
| #define HAVE_SIGINTERRUPT 1
| #define HAVE_MAP_ANONYMOUS 1
| #define HAVE_DECL_MEMMEM 1
| #define HAVE_MEMMEM 1
| #define restrict __restrict__
| #define HAVE_WCHAR_T 1
| #define HAVE_UNSIGNED_LONG_LONG_INT 1
| #define HAVE_LONG_LONG_INT 1
| #define BITSIZEOF_PTRDIFF_T 64
| #define BITSIZEOF_SIZE_T 64
| #define BITSIZEOF_SIG_ATOMIC_T 32
| #define BITSIZEOF_WCHAR_T 32
| #define BITSIZEOF_WINT_T 32
| #define HAVE_SIGNED_SIG_ATOMIC_T 1
| #define PTRDIFF_T_SUFFIX l
| #define SIZE_T_SUFFIX ul
| #define SIG_ATOMIC_T_SUFFIX 
| #define WCHAR_T_SUFFIX u
| #define WINT_T_SUFFIX u
| #define HAVE_RAW_DECL_MEMMEM 1
| #define HAVE_RAW_DECL_MEMPCPY 1
| #define HAVE_RAW_DECL_MEMRCHR 1
| #define HAVE_RAW_DECL_STPCPY 1
| #define HAVE_RAW_DECL_STPNCPY 1
| #define HAVE_RAW_DECL_STRCHRNUL 1
| #define HAVE_RAW_DECL_STRDUP 1
| #define HAVE_RAW_DECL_STRNCAT 1
| #define HAVE_RAW_DECL_STRNDUP 1
| #define HAVE_RAW_DECL_STRNLEN 1
| #define HAVE_RAW_DECL_STRPBRK 1
| #define HAVE_RAW_DECL_STRSEP 1
| #define HAVE_RAW_DECL_STRCASESTR 1
| #define HAVE_RAW_DECL_STRTOK_R 1
| #define HAVE_RAW_DECL_STRERROR_R 1
| #define HAVE_RAW_DECL_STRSIGNAL 1
| #define GNULIB_TEST_MEMCHR 1
| #define HAVE_MEMMEM 1
| #define GNULIB_TEST_MEMMEM 1
| #define HAVE_STRUCT_SIGACTION_SA_SIGACTION 1
| #define GNULIB_TEST_SIGACTION 1
| #define HAVE_RAW_DECL_SIGACTION 1
| #define HAVE_RAW_DECL_SIGADDSET 1
| #define HAVE_RAW_DECL_SIGDELSET 1
| #define HAVE_RAW_DECL_SIGEMPTYSET 1
| #define HAVE_RAW_DECL_SIGFILLSET 1
| #define HAVE_RAW_DECL_SIGISMEMBER 1
| #define HAVE_RAW_DECL_SIGPENDING 1
| #define HAVE_RAW_DECL_SIGPROCMASK 1
| #define GNULIB_TEST_SIGPROCMASK 1
| #define HAVE_SYSLOG_H 1
| /* end confdefs.h.  */
| #include <stddef.h>
| #ifdef HAVE_STDIO_H
| # include <stdio.h>
| #endif
| #ifdef HAVE_STDLIB_H
| # include <stdlib.h>
| #endif
| #ifdef HAVE_STRING_H
| # include <string.h>
| #endif
| #ifdef HAVE_INTTYPES_H
| # include <inttypes.h>
| #endif
| #ifdef HAVE_STDINT_H
| # include <stdint.h>
| #endif
| #ifdef HAVE_STRINGS_H
| # include <strings.h>
| #endif
| #ifdef HAVE_SYS_TYPES_H
| # include <sys/types.h>
| #endif
| #ifdef HAVE_SYS_STAT_H
| # include <sys/stat.h>
| #endif
| #ifdef HAVE_UNISTD_H
| # include <unistd.h>
| #endif
| int
| main (void)
| {
| if (sizeof ((size_t)))
| 	    return 0;
|   ;
|   return 0;
| }
configure:9453: result: yes
configure:9465: checking for working alloca.h
configure:9483: gcc -o conftest -O3 -Wall -march=armv8-a+crypto -mtune=cortex-a77  -L/data/data/com.termux/files/usr/lib conftest.c  >&5
configure:9483: $? = 0
configure:9492: result: yes
configure:9500: checking for alloca
configure:9545: result: yes
configure:9707: checking for OpenCL
configure:9730: gcc -o conftest -O3 -Wall -march=armv8-a+crypto -mtune=cortex-a77   -L/data/data/com.termux/files/usr/lib conftest.c  -lOpenCL >&5
In file included from /data/data/com.termux/files/usr/include/CL/cl.h:20,
                 from conftest.c:92:
/data/data/com.termux/files/usr/include/CL/cl_version.h:22:9: note: '#pragma message: cl_version.h: CL_TARGET_OPENCL_VERSION is not defined. Defaulting to 300 (OpenCL 3.0)'
   22 | #pragma message("cl_version.h: CL_TARGET_OPENCL_VERSION is not defined. Defaulting to 300 (OpenCL 3.0)")
      |         ^~~~~~~
configure:9730: $? = 0
configure:9732: result: yes
configure:9755: checking for pthread_create in -lpthread
configure:9778: gcc -o conftest -O3 -Wall -march=armv8-a+crypto -mtune=cortex-a77  -L/data/data/com.termux/files/usr/lib conftest.c -lpthread   >&5
configure:9778: $? = 0
configure:9788: result: yes
configure:9802: checking for json_loads in -ljansson
configure:9825: gcc -o conftest -O3 -Wall -march=armv8-a+crypto -mtune=cortex-a77  -L/data/data/com.termux/files/usr/lib conftest.c -ljansson  -lpthread  >&5
configure:9825: $? = 0
configure:9835: result: yes
configure:10020: checking for library containing addstr
configure:10050: gcc -o conftest -O3 -Wall -march=armv8-a+crypto -mtune=cortex-a77  -L/data/data/com.termux/files/usr/lib conftest.c -lpthread  >&5
/data/data/com.termux/files/usr/bin/ld: /data/data/com.termux/files/usr/tmp/ccuvTxh9.o: in function `main':
conftest.c:(.text.startup+0x8): undefined reference to `addstr'
collect2: error: ld returned 1 exit status
configure:10050: $? = 1
configure: failed program was:
| /* confdefs.h */
| #define PACKAGE_NAME "cgminer"
| #define PACKAGE_TARNAME "cgminer"
| #define PACKAGE_VERSION "2.10.4"
| #define PACKAGE_STRING "cgminer 2.10.4"
| #define PACKAGE_BUGREPORT "kernel@kolivas.org"
| #define PACKAGE_URL ""
| #define PACKAGE "cgminer"
| #define VERSION "2.10.4"
| #define HAVE_STDIO_H 1
| #define HAVE_STDLIB_H 1
| #define HAVE_STRING_H 1
| #define HAVE_INTTYPES_H 1
| #define HAVE_STDINT_H 1
| #define HAVE_STRINGS_H 1
| #define HAVE_SYS_STAT_H 1
| #define HAVE_SYS_TYPES_H 1
| #define HAVE_UNISTD_H 1
| #define STDC_HEADERS 1
| #define __EXTENSIONS__ 1
| #define _ALL_SOURCE 1
| #define _GNU_SOURCE 1
| #define _POSIX_PTHREAD_SEMANTICS 1
| #define _TANDEM_SOURCE 1
| #define CGMINER_MAJOR_VERSION 2
| #define CGMINER_MINOR_VERSION 10
| #define CGMINER_MINOR_SUBVERSION 4
| #define HAVE_SYS_MMAN_H 1
| #define HAVE_WCHAR_H 1
| #define HAVE_STDINT_H 1
| #define HAVE_MPROTECT 1
| #define HAVE_SIGACTION 1
| #define HAVE_SIGALTSTACK 1
| #define HAVE_SIGINTERRUPT 1
| #define HAVE_MAP_ANONYMOUS 1
| #define HAVE_DECL_MEMMEM 1
| #define HAVE_MEMMEM 1
| #define restrict __restrict__
| #define HAVE_WCHAR_T 1
| #define HAVE_UNSIGNED_LONG_LONG_INT 1
| #define HAVE_LONG_LONG_INT 1
| #define BITSIZEOF_PTRDIFF_T 64
| #define BITSIZEOF_SIZE_T 64
| #define BITSIZEOF_SIG_ATOMIC_T 32
| #define BITSIZEOF_WCHAR_T 32
| #define BITSIZEOF_WINT_T 32
| #define HAVE_SIGNED_SIG_ATOMIC_T 1
| #define PTRDIFF_T_SUFFIX l
| #define SIZE_T_SUFFIX ul
| #define SIG_ATOMIC_T_SUFFIX 
| #define WCHAR_T_SUFFIX u
| #define WINT_T_SUFFIX u
| #define HAVE_RAW_DECL_MEMMEM 1
| #define HAVE_RAW_DECL_MEMPCPY 1
| #define HAVE_RAW_DECL_MEMRCHR 1
| #define HAVE_RAW_DECL_STPCPY 1
| #define HAVE_RAW_DECL_STPNCPY 1
| #define HAVE_RAW_DECL_STRCHRNUL 1
| #define HAVE_RAW_DECL_STRDUP 1
| #define HAVE_RAW_DECL_STRNCAT 1
| #define HAVE_RAW_DECL_STRNDUP 1
| #define HAVE_RAW_DECL_STRNLEN 1
| #define HAVE_RAW_DECL_STRPBRK 1
| #define HAVE_RAW_DECL_STRSEP 1
| #define HAVE_RAW_DECL_STRCASESTR 1
| #define HAVE_RAW_DECL_STRTOK_R 1
| #define HAVE_RAW_DECL_STRERROR_R 1
| #define HAVE_RAW_DECL_STRSIGNAL 1
| #define GNULIB_TEST_MEMCHR 1
| #define HAVE_MEMMEM 1
| #define GNULIB_TEST_MEMMEM 1
| #define HAVE_STRUCT_SIGACTION_SA_SIGACTION 1
| #define GNULIB_TEST_SIGACTION 1
| #define HAVE_RAW_DECL_SIGACTION 1
| #define HAVE_RAW_DECL_SIGADDSET 1
| #define HAVE_RAW_DECL_SIGDELSET 1
| #define HAVE_RAW_DECL_SIGEMPTYSET 1
| #define HAVE_RAW_DECL_SIGFILLSET 1
| #define HAVE_RAW_DECL_SIGISMEMBER 1
| #define HAVE_RAW_DECL_SIGPENDING 1
| #define HAVE_RAW_DECL_SIGPROCMASK 1
| #define GNULIB_TEST_SIGPROCMASK 1
| #define HAVE_SYSLOG_H 1
| #define HAVE_ALLOCA_H 1
| #define HAVE_ALLOCA 1
| #define WANT_CPUMINE 1
| #define HAVE_OPENCL 1
| #define HAVE_LIBPTHREAD 1
| #define USE_SCRYPT 1
| /* end confdefs.h.  */
| 
| /* Override any GCC internal prototype to avoid an error.
|    Use char because int might match the return type of a GCC
|    builtin and then its argument prototype would still apply.  */
| char addstr ();
| int
| main (void)
| {
| return addstr ();
|   ;
|   return 0;
| }
configure:10050: gcc -o conftest -O3 -Wall -march=armv8-a+crypto -mtune=cortex-a77  -L/data/data/com.termux/files/usr/lib conftest.c -lncurses  -lpthread  >&5
configure:10050: $? = 0
configure:10070: result: -lncurses
configure:10158: checking for yasm
configure:10181: found /data/data/com.termux/files/usr/bin/yasm
configure:10194: result: /data/data/com.termux/files/usr/bin/yasm
configure:10203: checking if yasm version is greater than 1.0.1
configure:10225: result: yes
configure:10347: checking for pkg-config
configure:10370: found /data/data/com.termux/files/usr/bin/pkg-config
configure:10382: result: /data/data/com.termux/files/usr/bin/pkg-config
configure:10407: checking pkg-config is at least version 0.9.0
configure:10410: result: yes
configure:10511: checking for libcurl >= 7.25.0
configure:10518: $PKG_CONFIG --exists --print-errors "libcurl >= 7.25.0"
configure:10521: $? = 0
configure:10535: $PKG_CONFIG --exists --print-errors "libcurl >= 7.25.0"
configure:10538: $? = 0
configure:10716: result: yes
configure:10806: gcc -c -O3 -Wall -march=armv8-a+crypto -mtune=cortex-a77  conftest.c >&5
conftest.c:93:35: warning: 'cleanup' defined but not used [-Wunused-function]
   93 | static void __attribute__((cold)) cleanup(void) { }
      |                                   ^~~~~~~
configure:10806: $? = 0
configure:10817: gcc -c -O3 -Wall -march=armv8-a+crypto -mtune=cortex-a77  conftest.c >&5
conftest.c:94:1: warning: 'const' attribute on function returning 'void' [-Wattributes]
   94 | static void __attribute__((const)) cleanup(void) { }
      | ^~~~~~
conftest.c:94:36: warning: 'cleanup' defined but not used [-Wunused-function]
   94 | static void __attribute__((const)) cleanup(void) { }
      |                                    ^~~~~~~
configure:10817: $? = 0
configure:10828: gcc -c -O3 -Wall -march=armv8-a+crypto -mtune=cortex-a77  conftest.c >&5
conftest.c: In function 'cleanup':
conftest.c:95:55: warning: implicit declaration of function 'exit' [-Wimplicit-function-declaration]
   95 | static void __attribute__((noreturn)) cleanup(void) { exit(1); }
      |                                                       ^~~~
conftest.c:1:1: note: include '<stdlib.h>' or provide a declaration of 'exit'
    1 | /* confdefs.h */
conftest.c:95:55: warning: incompatible implicit declaration of built-in function 'exit' [-Wbuiltin-declaration-mismatch]
   95 | static void __attribute__((noreturn)) cleanup(void) { exit(1); }
      |                                                       ^~~~
conftest.c:95:55: note: include '<stdlib.h>' or provide a declaration of 'exit'
At top level:
conftest.c:95:39: warning: 'cleanup' defined but not used [-Wunused-function]
   95 | static void __attribute__((noreturn)) cleanup(void) { exit(1); }
      |                                       ^~~~~~~
configure:10828: $? = 0
configure:10839: gcc -c -O3 -Wall -march=armv8-a+crypto -mtune=cortex-a77  conftest.c >&5
conftest.c:96:55: warning: 'cleanup' defined but not used [-Wunused-function]
   96 | static void __attribute__((format(__printf__, 1, 2))) cleanup(const char *fmt, ...) { }
      |                                                       ^~~~~~~
configure:10839: $? = 0
configure:10850: gcc -c -O3 -Wall -march=armv8-a+crypto -mtune=cortex-a77  conftest.c >&5
configure:10850: $? = 0
configure:10861: gcc -c -O3 -Wall -march=armv8-a+crypto -mtune=cortex-a77  conftest.c >&5
configure:10861: $? = 0
configure:10872: gcc -o conftest -O3 -Wall -march=armv8-a+crypto -mtune=cortex-a77  -L/data/data/com.termux/files/usr/lib conftest.c -lncurses -lpthread  >&5
configure:10872: $? = 0
configure:10884: gcc -o conftest -O3 -Wall -march=armv8-a+crypto -mtune=cortex-a77  -L/data/data/com.termux/files/usr/lib conftest.c -lncurses -lpthread  >&5
configure:10884: $? = 0
configure:10896: gcc -c -O3 -Wall -march=armv8-a+crypto -mtune=cortex-a77  conftest.c >&5
conftest.c:101:48: warning: 'func' defined but not used [-Wunused-function]
  101 | static int __attribute__((warn_unused_result)) func(int x) { return x; }
      |                                                ^~~~
configure:10896: $? = 0
configure:11052: checking that generated files are newer than configure
configure:11058: result: done
configure:11189: creating ./config.status

## ---------------------- ##
## Running config.status. ##
## ---------------------- ##

This file was extended by cgminer config.status 2.10.4, which was
generated by GNU Autoconf 2.71.  Invocation command line was

  CONFIG_FILES    = 
  CONFIG_HEADERS  = 
  CONFIG_LINKS    = 
  CONFIG_COMMANDS = 
  $ ./config.status 

on localhost

config.status:1139: creating Makefile
config.status:1139: creating compat/Makefile
config.status:1139: creating compat/jansson/Makefile
config.status:1139: creating x86_64/Makefile
config.status:1139: creating x86_32/Makefile
config.status:1139: creating ccan/Makefile
config.status:1139: creating lib/Makefile
config.status:1139: creating config.h
config.status:1320: config.h is unchanged
config.status:1368: executing depfiles commands
config.status:1443: cd .       && sed -e '/# am--include-marker/d' Makefile         | make -f - am--depfiles
make: Nothing to be done for 'am--depfiles'.
config.status:1450: $? = 0
config.status:1443: cd compat/jansson       && sed -e '/# am--include-marker/d' Makefile         | make -f - am--depfiles
make: Nothing to be done for 'am--depfiles'.
config.status:1450: $? = 0
config.status:1443: cd ccan       && sed -e '/# am--include-marker/d' Makefile         | make -f - am--depfiles
make: Nothing to be done for 'am--depfiles'.
config.status:1450: $? = 0
config.status:1443: cd lib       && sed -e '/# am--include-marker/d' Makefile         | make -f - am--depfiles
make: Nothing to be done for 'am--depfiles'.
config.status:1450: $? = 0

## ---------------- ##
## Cache variables. ##
## ---------------- ##

ac_cv_build='aarch64-unknown-linux-gnu'
ac_cv_c_compiler_gnu='yes'
ac_cv_c_inline='inline'
ac_cv_c_restrict='__restrict__'
ac_cv_c_undeclared_builtin_options='none needed'
ac_cv_env_CC_set=''
ac_cv_env_CC_value=''
ac_cv_env_CFLAGS_set='set'
ac_cv_env_CFLAGS_value='-O3 -Wall -march=armv8-a+crypto -mtune=cortex-a77'
ac_cv_env_CPPFLAGS_set=''
ac_cv_env_CPPFLAGS_value=''
ac_cv_env_CPP_set=''
ac_cv_env_CPP_value=''
ac_cv_env_LDFLAGS_set='set'
ac_cv_env_LDFLAGS_value='-L/data/data/com.termux/files/usr/lib'
ac_cv_env_LIBCURL_CFLAGS_set=''
ac_cv_env_LIBCURL_CFLAGS_value=''
ac_cv_env_LIBCURL_LIBS_set=''
ac_cv_env_LIBCURL_LIBS_value=''
ac_cv_env_LIBS_set=''
ac_cv_env_LIBS_value=''
ac_cv_env_LIBUSB_CFLAGS_set=''
ac_cv_env_LIBUSB_CFLAGS_value=''
ac_cv_env_LIBUSB_LIBS_set=''
ac_cv_env_LIBUSB_LIBS_value=''
ac_cv_env_PKG_CONFIG_LIBDIR_set=''
ac_cv_env_PKG_CONFIG_LIBDIR_value=''
ac_cv_env_PKG_CONFIG_PATH_set=''
ac_cv_env_PKG_CONFIG_PATH_value=''
ac_cv_env_PKG_CONFIG_set=''
ac_cv_env_PKG_CONFIG_value=''
ac_cv_env_build_alias_set=''
ac_cv_env_build_alias_value=''
ac_cv_env_host_alias_set=''
ac_cv_env_host_alias_value=''
ac_cv_env_target_alias_set=''
ac_cv_env_target_alias_value=''
ac_cv_func_alloca_works='yes'
ac_cv_func_memmem='yes'
ac_cv_func_mmap='yes'
ac_cv_func_mprotect='yes'
ac_cv_func_sigaction='yes'
ac_cv_func_sigaltstack='yes'
ac_cv_func_siginterrupt='yes'
ac_cv_func_sigprocmask='yes'
ac_cv_have_decl_memmem='yes'
ac_cv_have_decl_mempcpy='yes'
ac_cv_have_decl_memrchr='yes'
ac_cv_have_decl_sigaction='yes'
ac_cv_have_decl_sigaddset='yes'
ac_cv_have_decl_sigdelset='yes'
ac_cv_have_decl_sigemptyset='yes'
ac_cv_have_decl_sigfillset='yes'
ac_cv_have_decl_sigismember='yes'
ac_cv_have_decl_sigpending='yes'
ac_cv_have_decl_sigprocmask='yes'
ac_cv_have_decl_stpcpy='yes'
ac_cv_have_decl_stpncpy='yes'
ac_cv_have_decl_strcasestr='yes'
ac_cv_have_decl_strchrnul='yes'
ac_cv_have_decl_strdup='yes'
ac_cv_have_decl_strerror_r='yes'
ac_cv_have_decl_strncat='yes'
ac_cv_have_decl_strndup='yes'
ac_cv_have_decl_strnlen='yes'
ac_cv_have_decl_strpbrk='yes'
ac_cv_have_decl_strsep='yes'
ac_cv_have_decl_strsignal='yes'
ac_cv_have_decl_strtok_r='yes'
ac_cv_header_inttypes_h='yes'
ac_cv_header_minix_config_h='no'
ac_cv_header_stdint_h='yes'
ac_cv_header_stdio_h='yes'
ac_cv_header_stdlib_h='yes'
ac_cv_header_string_h='yes'
ac_cv_header_strings_h='yes'
ac_cv_header_sys_bitypes_h='no'
ac_cv_header_sys_inttypes_h='no'
ac_cv_header_sys_mman_h='yes'
ac_cv_header_sys_stat_h='yes'
ac_cv_header_sys_types_h='yes'
ac_cv_header_syslog_h='yes'
ac_cv_header_unistd_h='yes'
ac_cv_header_wchar_h='yes'
ac_cv_host='aarch64-unknown-linux-gnu'
ac_cv_lib_jansson_json_loads='yes'
ac_cv_lib_pthread_pthread_create='yes'
ac_cv_member_struct_sigaction_sa_sigaction='yes'
ac_cv_objext='o'
ac_cv_path_EGREP='/data/data/com.termux/files/usr/bin/grep -E'
ac_cv_path_GREP='/data/data/com.termux/files/usr/bin/grep'
ac_cv_path_YASM='/data/data/com.termux/files/usr/bin/yasm'
ac_cv_path_ac_pt_PKG_CONFIG='/data/data/com.termux/files/usr/bin/pkg-config'
ac_cv_path_install='/data/data/com.termux/files/usr/bin/install -c'
ac_cv_path_mkdir='/data/data/com.termux/files/usr/bin/mkdir'
ac_cv_prog_AWK='gawk'
ac_cv_prog_CPP='gcc -E'
ac_cv_prog_ac_ct_CC='gcc'
ac_cv_prog_ac_ct_RANLIB='ranlib'
ac_cv_prog_cc_c11=''
ac_cv_prog_cc_g='yes'
ac_cv_prog_cc_stdc=''
ac_cv_prog_gcc_traditional='no'
ac_cv_prog_make_make_set='yes'
ac_cv_safe_to_define___extensions__='yes'
ac_cv_search_addstr='-lncurses'
ac_cv_target='aarch64-unknown-linux-gnu'
ac_cv_type_long_long_int='yes'
ac_cv_type_sighandler_t='yes'
ac_cv_type_size_t='yes'
ac_cv_type_uid_t='yes'
ac_cv_type_unsigned_long_long_int='yes'
ac_cv_type_volatile_sig_atomic_t='yes'
ac_cv_working_alloca_h='yes'
am_cv_CC_dependencies_compiler_type='gcc3'
am_cv_make_support_nested_variables='yes'
am_cv_prog_cc_c_o='yes'
gl_cv_bitsizeof_ptrdiff_t='64'
gl_cv_bitsizeof_sig_atomic_t='32'
gl_cv_bitsizeof_size_t='64'
gl_cv_bitsizeof_wchar_t='32'
gl_cv_bitsizeof_wint_t='32'
gl_cv_c_multiarch='no'
gl_cv_decl_null_works='yes'
gl_cv_func_memchr_works='yes'
gl_cv_func_memmem_works_always='yes'
gl_cv_func_memmem_works_fast='yes'
gl_cv_func_sigprocmask='1'
gl_cv_have_include_next='yes'
gl_cv_have_raw_decl_memmem='yes'
gl_cv_have_raw_decl_mempcpy='yes'
gl_cv_have_raw_decl_memrchr='yes'
gl_cv_have_raw_decl_rawmemchr='no'
gl_cv_have_raw_decl_sigaction='yes'
gl_cv_have_raw_decl_sigaddset='yes'
gl_cv_have_raw_decl_sigdelset='yes'
gl_cv_have_raw_decl_sigemptyset='yes'
gl_cv_have_raw_decl_sigfillset='yes'
gl_cv_have_raw_decl_sigismember='yes'
gl_cv_have_raw_decl_sigpending='yes'
gl_cv_have_raw_decl_sigprocmask='yes'
gl_cv_have_raw_decl_stpcpy='yes'
gl_cv_have_raw_decl_stpncpy='yes'
gl_cv_have_raw_decl_strcasestr='yes'
gl_cv_have_raw_decl_strchrnul='yes'
gl_cv_have_raw_decl_strdup='yes'
gl_cv_have_raw_decl_strerror_r='yes'
gl_cv_have_raw_decl_strncat='yes'
gl_cv_have_raw_decl_strndup='yes'
gl_cv_have_raw_decl_strnlen='yes'
gl_cv_have_raw_decl_strpbrk='yes'
gl_cv_have_raw_decl_strsep='yes'
gl_cv_have_raw_decl_strsignal='yes'
gl_cv_have_raw_decl_strtok_r='yes'
gl_cv_have_raw_decl_strverscmp='no'
gl_cv_header_working_stdint_h='no'
gl_cv_next_signal_h='<signal.h>'
gl_cv_next_stdint_h='<stdint.h>'
gl_cv_next_string_h='<string.h>'
gl_cv_pragma_columns='no'
gl_cv_type_ptrdiff_t_signed='yes'
gl_cv_type_ptrdiff_t_suffix='l'
gl_cv_type_sig_atomic_t_signed='yes'
gl_cv_type_sig_atomic_t_suffix=''
gl_cv_type_size_t_signed='no'
gl_cv_type_size_t_suffix='ul'
gl_cv_type_wchar_t_signed='no'
gl_cv_type_wchar_t_suffix='u'
gl_cv_type_wint_t_signed='no'
gl_cv_type_wint_t_suffix='u'
gt_cv_c_wchar_t='yes'
pkg_cv_LIBCURL_CFLAGS='-I/data/data/com.termux/files/usr/include'
pkg_cv_LIBCURL_LIBS='-L/data/data/com.termux/files/usr/lib -lcurl'

## ----------------- ##
## Output variables. ##
## ----------------- ##

ACLOCAL='${SHELL} '\''/data/data/com.termux/files/home/cgminer/missing'\'' aclocal-1.16'
ALLOCA=''
AMDEPBACKSLASH='\'
AMDEP_FALSE='#'
AMDEP_TRUE=''
AMTAR='$${TAR-tar}'
AM_BACKSLASH='\'
AM_DEFAULT_V='$(AM_DEFAULT_VERBOSITY)'
AM_DEFAULT_VERBOSITY='0'
AM_V='$(V)'
APPLE_UNIVERSAL_BUILD='0'
AUTOCONF='${SHELL} '\''/data/data/com.termux/files/home/cgminer/missing'\'' autoconf'
AUTOHEADER='${SHELL} '\''/data/data/com.termux/files/home/cgminer/missing'\'' autoheader'
AUTOMAKE='${SHELL} '\''/data/data/com.termux/files/home/cgminer/missing'\'' automake-1.16'
AWK='gawk'
BITSIZEOF_PTRDIFF_T='64'
BITSIZEOF_SIG_ATOMIC_T='32'
BITSIZEOF_SIZE_T='64'
BITSIZEOF_WCHAR_T='32'
BITSIZEOF_WINT_T='32'
CC='gcc'
CCDEPMODE='depmode=gcc3'
CFLAGS='-O3 -Wall -march=armv8-a+crypto -mtune=cortex-a77'
CPP='gcc -E'
CPPFLAGS=''
CSCOPE='cscope'
CTAGS='ctags'
CYGPATH_W='echo'
DEFS='-DHAVE_CONFIG_H'
DEPDIR='.deps'
DLOPEN_FLAGS='-ldl'
ECHO_C=''
ECHO_N='-n'
ECHO_T=''
EGREP='/data/data/com.termux/files/usr/bin/grep -E'
ETAGS='etags'
EXEEXT=''
GL_COND_LIBTOOL_FALSE=''
GL_COND_LIBTOOL_TRUE='#'
GL_GENERATE_STDDEF_H_FALSE=''
GL_GENERATE_STDDEF_H_TRUE='#'
GL_GENERATE_STDINT_H_FALSE='#'
GL_GENERATE_STDINT_H_TRUE=''
GNULIB_MBSCASECMP='0'
GNULIB_MBSCASESTR='0'
GNULIB_MBSCHR='0'
GNULIB_MBSCSPN='0'
GNULIB_MBSLEN='0'
GNULIB_MBSNCASECMP='0'
GNULIB_MBSNLEN='0'
GNULIB_MBSPBRK='0'
GNULIB_MBSPCASECMP='0'
GNULIB_MBSRCHR='0'
GNULIB_MBSSEP='0'
GNULIB_MBSSPN='0'
GNULIB_MBSSTR='0'
GNULIB_MBSTOK_R='0'
GNULIB_MEMCHR='1'
GNULIB_MEMMEM='1'
GNULIB_MEMPCPY='0'
GNULIB_MEMRCHR='0'
GNULIB_RAWMEMCHR='0'
GNULIB_SIGACTION='1'
GNULIB_SIGNAL_H_SIGPIPE='0'
GNULIB_SIGPROCMASK='1'
GNULIB_STPCPY='0'
GNULIB_STPNCPY='0'
GNULIB_STRCASESTR='0'
GNULIB_STRCHRNUL='0'
GNULIB_STRDUP='0'
GNULIB_STRERROR='0'
GNULIB_STRERROR_R='0'
GNULIB_STRNCAT='0'
GNULIB_STRNDUP='0'
GNULIB_STRNLEN='0'
GNULIB_STRPBRK='0'
GNULIB_STRSEP='0'
GNULIB_STRSIGNAL='0'
GNULIB_STRSTR='0'
GNULIB_STRTOK_R='0'
GNULIB_STRVERSCMP='0'
GREP='/data/data/com.termux/files/usr/bin/grep'
HAS_BITFORCE_FALSE=''
HAS_BITFORCE_TRUE='#'
HAS_CPUMINE_FALSE='#'
HAS_CPUMINE_TRUE=''
HAS_ICARUS_FALSE=''
HAS_ICARUS_TRUE='#'
HAS_MODMINER_FALSE=''
HAS_MODMINER_TRUE='#'
HAS_SCRYPT_FALSE='#'
HAS_SCRYPT_TRUE=''
HAS_YASM_FALSE='#'
HAS_YASM_TRUE=''
HAS_ZTEX_FALSE=''
HAS_ZTEX_TRUE='#'
HAVE_CURSES_FALSE='#'
HAVE_CURSES_TRUE=''
HAVE_DECL_MEMMEM='1'
HAVE_DECL_MEMRCHR='1'
HAVE_DECL_STRDUP='1'
HAVE_DECL_STRERROR_R='1'
HAVE_DECL_STRNDUP='1'
HAVE_DECL_STRNLEN='1'
HAVE_DECL_STRSIGNAL='1'
HAVE_DECL_STRTOK_R='1'
HAVE_INTTYPES_H='1'
HAVE_LIBUDEV_FALSE='#'
HAVE_LIBUDEV_TRUE=''
HAVE_LONG_LONG_INT='1'
HAVE_MBSLEN='0'
HAVE_MEMCHR='1'
HAVE_MEMPCPY='1'
HAVE_POSIX_SIGNALBLOCKING='1'
HAVE_RAWMEMCHR='1'
HAVE_SIGACTION='1'
HAVE_SIGHANDLER_T='1'
HAVE_SIGINFO_T='1'
HAVE_SIGNED_SIG_ATOMIC_T='1'
HAVE_SIGNED_WCHAR_T='0'
HAVE_SIGNED_WINT_T='0'
HAVE_SIGSET_T='1'
HAVE_STDINT_H='1'
HAVE_STPCPY='1'
HAVE_STPNCPY='1'
HAVE_STRCASESTR='1'
HAVE_STRCHRNUL='1'
HAVE_STRPBRK='1'
HAVE_STRSEP='1'
HAVE_STRUCT_SIGACTION_SA_SIGACTION='1'
HAVE_STRVERSCMP='1'
HAVE_SYS_BITYPES_H='0'
HAVE_SYS_INTTYPES_H='0'
HAVE_SYS_TYPES_H='1'
HAVE_TYPE_VOLATILE_SIG_ATOMIC_T='1'
HAVE_UNSIGNED_LONG_LONG_INT='1'
HAVE_WCHAR_H='1'
HAVE_WCHAR_T='1'
HAVE_WINDOWS_FALSE=''
HAVE_WINDOWS_TRUE='#'
HAVE_x86_64_FALSE=''
HAVE_x86_64_TRUE='#'
INCLUDE_NEXT='include_next'
INCLUDE_NEXT_AS_FIRST_DIRECTIVE='include_next'
INSTALL_DATA='${INSTALL} -m 644'
INSTALL_PROGRAM='${INSTALL}'
INSTALL_SCRIPT='${INSTALL}'
INSTALL_STRIP_PROGRAM='$(install_sh) -c -s'
JANSSON_LIBS='-ljansson'
LDFLAGS='-L/data/data/com.termux/files/usr/lib'
LIBCURL_CFLAGS='-I/data/data/com.termux/files/usr/include'
LIBCURL_LIBS='-L/data/data/com.termux/files/usr/lib -lcurl'
LIBGNU_LIBDEPS=''
LIBGNU_LTLIBDEPS=''
LIBOBJS=''
LIBS='-lncurses -lpthread '
LIBUSB_CFLAGS=''
LIBUSB_LIBS=''
LTLIBOBJS=''
MAINT='#'
MAINTAINER_MODE_FALSE=''
MAINTAINER_MODE_TRUE='#'
MAKEINFO='${SHELL} '\''/data/data/com.termux/files/home/cgminer/missing'\'' makeinfo'
MATH_LIBS='-lm'
MKDIR_P='/data/data/com.termux/files/usr/bin/mkdir -p'
NCURSES_LIBS=''
NEED_FPGAUTILS_FALSE=''
NEED_FPGAUTILS_TRUE='#'
NEED_USBUTILS_C_FALSE=''
NEED_USBUTILS_C_TRUE='#'
NEXT_AS_FIRST_DIRECTIVE_SIGNAL_H='<signal.h>'
NEXT_AS_FIRST_DIRECTIVE_STDDEF_H=''
NEXT_AS_FIRST_DIRECTIVE_STDINT_H='<stdint.h>'
NEXT_AS_FIRST_DIRECTIVE_STRING_H='<string.h>'
NEXT_SIGNAL_H='<signal.h>'
NEXT_STDDEF_H=''
NEXT_STDINT_H='<stdint.h>'
NEXT_STRING_H='<string.h>'
OBJEXT='o'
OPENCL_FLAGS=''
OPENCL_LIBS='-lOpenCL'
PACKAGE='cgminer'
PACKAGE_BUGREPORT='kernel@kolivas.org'
PACKAGE_NAME='cgminer'
PACKAGE_STRING='cgminer 2.10.4'
PACKAGE_TARNAME='cgminer'
PACKAGE_URL=''
PACKAGE_VERSION='2.10.4'
PATH_SEPARATOR=':'
PDCURSES_LIBS=''
PKG_CONFIG='/data/data/com.termux/files/usr/bin/pkg-config'
PKG_CONFIG_LIBDIR=''
PKG_CONFIG_PATH=''
PRAGMA_COLUMNS=''
PRAGMA_SYSTEM_HEADER='#pragma GCC system_header'
PTHREAD_FLAGS='-lpthread'
PTHREAD_LIBS='-lpthread'
PTRDIFF_T_SUFFIX='l'
RANLIB='ranlib'
REPLACE_MEMCHR='0'
REPLACE_MEMMEM='0'
REPLACE_NULL='0'
REPLACE_STPNCPY='0'
REPLACE_STRCASESTR='0'
REPLACE_STRCHRNUL='0'
REPLACE_STRDUP='0'
REPLACE_STRERROR='0'
REPLACE_STRERROR_R='0'
REPLACE_STRNCAT='0'
REPLACE_STRNDUP='0'
REPLACE_STRNLEN='0'
REPLACE_STRSIGNAL='0'
REPLACE_STRSTR='0'
REPLACE_STRTOK_R='0'
SET_MAKE=''
SHELL='/data/data/com.termux/files/usr/bin/sh'
SIG_ATOMIC_T_SUFFIX=''
SIZE_T_SUFFIX='ul'
STDDEF_H=''
STDINT_H='stdint.h'
STRIP=''
UDEV_LIBS=''
UNDEFINE_STRTOK_R='0'
VERSION='2.10.4'
VMAJ='2'
WANT_JANSSON_FALSE=''
WANT_JANSSON_TRUE='#'
WCHAR_T_SUFFIX='u'
WINT_T_SUFFIX='u'
WS2_LIBS=''
YASM='/data/data/com.termux/files/usr/bin/yasm'
ac_ct_CC='gcc'
am__EXEEXT_FALSE=''
am__EXEEXT_TRUE='#'
am__fastdepCC_FALSE='#'
am__fastdepCC_TRUE=''
am__include='include'
am__isrc=''
am__leading_dot='.'
am__nodep='_no'
am__quote=''
am__tar='$${TAR-tar} chof - "$$tardir"'
am__untar='$${TAR-tar} xf -'
bindir='${exec_prefix}/bin'
build='aarch64-unknown-linux-gnu'
build_alias=''
build_cpu='aarch64'
build_os='linux-gnu'
build_vendor='unknown'
datadir='${datarootdir}'
datarootdir='${prefix}/share'
docdir='${datarootdir}/doc/${PACKAGE_TARNAME}'
dvidir='${docdir}'
exec_prefix='${prefix}'
gl_LIBOBJS=''
gl_LTLIBOBJS=''
gltests_LIBOBJS=''
gltests_LTLIBOBJS=''
gltests_WITNESS='IN_CGMINER_GNULIB_TESTS'
host='aarch64-unknown-linux-gnu'
host_alias=''
host_cpu='aarch64'
host_os='linux-gnu'
host_vendor='unknown'
htmldir='${docdir}'
includedir='${prefix}/include'
infodir='${datarootdir}/info'
install_sh='${SHELL} /data/data/com.termux/files/home/cgminer/install-sh'
libdir='${exec_prefix}/lib'
libexecdir='${exec_prefix}/libexec'
localedir='${datarootdir}/locale'
localstatedir='${prefix}/var'
mandir='${datarootdir}/man'
mkdir_p='$(MKDIR_P)'
oldincludedir='/usr/include'
pdfdir='${docdir}'
prefix='/usr/local'
program_transform_name='s,x,x,'
psdir='${docdir}'
release_info=''
runstatedir='${localstatedir}/run'
sbindir='${exec_prefix}/sbin'
sharedstatedir='${prefix}/com'
sysconfdir='${prefix}/etc'
target='aarch64-unknown-linux-gnu'
target_alias=''
target_cpu='aarch64'
target_os='linux-gnu'
target_vendor='unknown'
version_info='12:4:10'

## ----------- ##
## confdefs.h. ##
## ----------- ##

/* confdefs.h */
#define PACKAGE_NAME "cgminer"
#define PACKAGE_TARNAME "cgminer"
#define PACKAGE_VERSION "2.10.4"
#define PACKAGE_STRING "cgminer 2.10.4"
#define PACKAGE_BUGREPORT "kernel@kolivas.org"
#define PACKAGE_URL ""
#define PACKAGE "cgminer"
#define VERSION "2.10.4"
#define HAVE_STDIO_H 1
#define HAVE_STDLIB_H 1
#define HAVE_STRING_H 1
#define HAVE_INTTYPES_H 1
#define HAVE_STDINT_H 1
#define HAVE_STRINGS_H 1
#define HAVE_SYS_STAT_H 1
#define HAVE_SYS_TYPES_H 1
#define HAVE_UNISTD_H 1
#define STDC_HEADERS 1
#define __EXTENSIONS__ 1
#define _ALL_SOURCE 1
#define _GNU_SOURCE 1
#define _POSIX_PTHREAD_SEMANTICS 1
#define _TANDEM_SOURCE 1
#define CGMINER_MAJOR_VERSION 2
#define CGMINER_MINOR_VERSION 10
#define CGMINER_MINOR_SUBVERSION 4
#define HAVE_SYS_MMAN_H 1
#define HAVE_WCHAR_H 1
#define HAVE_STDINT_H 1
#define HAVE_MPROTECT 1
#define HAVE_SIGACTION 1
#define HAVE_SIGALTSTACK 1
#define HAVE_SIGINTERRUPT 1
#define HAVE_MAP_ANONYMOUS 1
#define HAVE_DECL_MEMMEM 1
#define HAVE_MEMMEM 1
#define restrict __restrict__
#define HAVE_WCHAR_T 1
#define HAVE_UNSIGNED_LONG_LONG_INT 1
#define HAVE_LONG_LONG_INT 1
#define BITSIZEOF_PTRDIFF_T 64
#define BITSIZEOF_SIZE_T 64
#define BITSIZEOF_SIG_ATOMIC_T 32
#define BITSIZEOF_WCHAR_T 32
#define BITSIZEOF_WINT_T 32
#define HAVE_SIGNED_SIG_ATOMIC_T 1
#define PTRDIFF_T_SUFFIX l
#define SIZE_T_SUFFIX ul
#define SIG_ATOMIC_T_SUFFIX 
#define WCHAR_T_SUFFIX u
#define WINT_T_SUFFIX u
#define HAVE_RAW_DECL_MEMMEM 1
#define HAVE_RAW_DECL_MEMPCPY 1
#define HAVE_RAW_DECL_MEMRCHR 1
#define HAVE_RAW_DECL_STPCPY 1
#define HAVE_RAW_DECL_STPNCPY 1
#define HAVE_RAW_DECL_STRCHRNUL 1
#define HAVE_RAW_DECL_STRDUP 1
#define HAVE_RAW_DECL_STRNCAT 1
#define HAVE_RAW_DECL_STRNDUP 1
#define HAVE_RAW_DECL_STRNLEN 1
#define HAVE_RAW_DECL_STRPBRK 1
#define HAVE_RAW_DECL_STRSEP 1
#define HAVE_RAW_DECL_STRCASESTR 1
#define HAVE_RAW_DECL_STRTOK_R 1
#define HAVE_RAW_DECL_STRERROR_R 1
#define HAVE_RAW_DECL_STRSIGNAL 1
#define GNULIB_TEST_MEMCHR 1
#define HAVE_MEMMEM 1
#define GNULIB_TEST_MEMMEM 1
#define HAVE_STRUCT_SIGACTION_SA_SIGACTION 1
#define GNULIB_TEST_SIGACTION 1
#define HAVE_RAW_DECL_SIGACTION 1
#define HAVE_RAW_DECL_SIGADDSET 1
#define HAVE_RAW_DECL_SIGDELSET 1
#define HAVE_RAW_DECL_SIGEMPTYSET 1
#define HAVE_RAW_DECL_SIGFILLSET 1
#define HAVE_RAW_DECL_SIGISMEMBER 1
#define HAVE_RAW_DECL_SIGPENDING 1
#define HAVE_RAW_DECL_SIGPROCMASK 1
#define GNULIB_TEST_SIGPROCMASK 1
#define HAVE_SYSLOG_H 1
#define HAVE_ALLOCA_H 1
#define HAVE_ALLOCA 1
#define WANT_CPUMINE 1
#define HAVE_OPENCL 1
#define HAVE_LIBPTHREAD 1
#define USE_SCRYPT 1
#define HAVE_CURSES 1
#define CURL_HAS_KEEPALIVE 1
#define HAVE_ATTRIBUTE_COLD 1
#define HAVE_ATTRIBUTE_CONST 1
#define HAVE_ATTRIBUTE_NORETURN 1
#define HAVE_ATTRIBUTE_PRINTF 1
#define HAVE_ATTRIBUTE_UNUSED 1
#define HAVE_ATTRIBUTE_USED 1
#define HAVE_BUILTIN_CONSTANT_P 1
#define HAVE_BUILTIN_TYPES_COMPATIBLE_P 1
#define HAVE_WARN_UNUSED_RESULT 1
#define CGMINER_PREFIX "/usr/local/bin"
#define PHATK_KERNNAME "phatk121016"
#define POCLBM_KERNNAME "poclbm121016"
#define DIAKGCN_KERNNAME "diakgcn121016"
#define DIABLO_KERNNAME "diablo121016"
#define SCRYPT_KERNNAME "scrypt121016"

configure: exit 0
